{
  "total_errors": 69,
  "errors_by_type": {
    "未知错误": 1,
    "异步测试协程警告": 23,
    "导入路径错误": 2,
    "属性错误": 37,
    "连接错误": 6
  },
  "error_details": [
    {
      "type": "未知错误",
      "file_path": null,
      "line_number": null,
      "message": "____ TestTrainingWorkflowE2E.test_memory_integration_in_training_workflow _____\nD:\\Projects\\Unified-AI-Project\\apps\\backend\\tests\\e2e\\test_training_workflow.py:86: in test_memory_integration_in_training_workflow\n    with patch('apps.backend.src.core_ai.memory.ham_memory_manager.HAMMemoryManager') as mock_memory_manager:\n         ^^^^^^^^^^^^^^^^^^^^^^^^^^^^^^^^^^^^^^^^^^^^^^^^^^^^^^^^^^^^^^^^^^^^^^^^^^^^\nC:\\Users\\catai\\AppData\\Local\\Programs\\Python\\Python312\\Lib\\unittest\\mock.py:1451: in __enter__",
      "details": {
        "source": "test_failure_summary"
      }
    },
    {
      "type": "异步测试协程警告",
      "file_path": "Project\\apps\\backend\\src\\ai\\dialogue\\project_coordinator.py",
      "line_number": 129,
      "message": "RuntimeWarning: coroutine 'AsyncMockMixin._execute_mock_call' was never awaited",
      "details": {
        "context": "    self._load_plugins(namespace)\n\ntests/integration/test_agent_collaboration.py::TestAgentCollaboration::test_handle_project_dynamic_agent_launch\n  D:\\Projects\\Unified-AI-Project\\apps\\backend\\src\\ai\\dialogue\\project_coordinator.py:129: RuntimeWarning: coroutine 'AsyncMockMixin._execute_mock_call' was never awaited\n    result = await self._dispatch_single_subtask(subtask_data)\n  Enable tracemalloc to get traceback where the object was allocated.\n  See https://docs.pytest.org/en/stable/how-to/capture-warnings.html#resource-warnings for more info.",
        "full_match": "RuntimeWarning: coroutine 'AsyncMockMixin._execute_mock_call' was never awaited"
      }
    },
    {
      "type": "异步测试协程警告",
      "file_path": "\\Users\\catai\\AppData\\Local\\Programs\\Python\\Python312\\Lib\\unittest\\mock.py",
      "line_number": 2217,
      "message": "RuntimeWarning: coroutine 'sleep' was never awaited",
      "details": {
        "context": "tests/integration/test_end_to_end_project_flow.py::test_full_project_flow_with_real_agent\ntests/integration/test_knowledge_update.py::TestKnowledgeUpdate::test_knowledge_update\ntests/tools/test_code_understanding_tool.py::TestCodeUnderstandingTool::test_describe_tool_structure_with_no_docstrings_or_params\n  C:\\Users\\catai\\AppData\\Local\\Programs\\Python\\Python312\\Lib\\unittest\\mock.py:2217: RuntimeWarning: coroutine 'sleep' was never awaited\n    def __init__(self, name, parent):\n  Enable tracemalloc to get traceback where the object was allocated.\n  See https://docs.pytest.org/en/stable/how-to/capture-warnings.html#resource-warnings for more info.",
        "full_match": "RuntimeWarning: coroutine 'sleep' was never awaited"
      }
    },
    {
      "type": "异步测试协程警告",
      "file_path": "\\Users\\catai\\AppData\\Local\\Programs\\Python\\Python312\\Lib\\asyncio\\events.py",
      "line_number": 88,
      "message": "RuntimeWarning: coroutine 'AsyncMockMixin._execute_mock_call' was never awaited",
      "details": {
        "context": "  See https://docs.pytest.org/en/stable/how-to/capture-warnings.html#resource-warnings for more info.\n\ntests/integration/test_learning_and_trust.py::TestLearningAndTrustIntegration::test_fact_from_high_trust_source_is_accepted\n  C:\\Users\\catai\\AppData\\Local\\Programs\\Python\\Python312\\Lib\\asyncio\\events.py:88: RuntimeWarning: coroutine 'AsyncMockMixin._execute_mock_call' was never awaited\n    self._context.run(self._callback, *self._args)\n  Enable tracemalloc to get traceback where the object was allocated.\n  See https://docs.pytest.org/en/stable/how-to/capture-warnings.html#resource-warnings for more info.",
        "full_match": "RuntimeWarning: coroutine 'AsyncMockMixin._execute_mock_call' was never awaited"
      }
    },
    {
      "type": "异步测试协程警告",
      "file_path": "packages\\pytest_benchmark\\fixture.py",
      "line_number": 109,
      "message": "RuntimeWarning: coroutine 'TestPerformanceBenchmark.test_hsp_message_publish_performance.<locals>.publish_message' was never awaited",
      "details": {
        "context": "  See https://docs.pytest.org/en/stable/how-to/capture-warnings.html#resource-warnings for more info.\n\ntests/integration/test_performance_benchmark.py::TestPerformanceBenchmark::test_hsp_message_publish_performance\n  C:\\Users\\catai\\AppData\\Local\\Programs\\Python\\Python312\\Lib\\site-packages\\pytest_benchmark\\fixture.py:109: RuntimeWarning: coroutine 'TestPerformanceBenchmark.test_hsp_message_publish_performance.<locals>.publish_message' was never awaited\n    function_to_benchmark(*args, **kwargs)\n  Enable tracemalloc to get traceback where the object was allocated.\n  See https://docs.pytest.org/en/stable/how-to/capture-warnings.html#resource-warnings for more info.",
        "full_match": "RuntimeWarning: coroutine 'TestPerformanceBenchmark.test_hsp_message_publish_performance.<locals>.publish_message' was never awaited"
      }
    },
    {
      "type": "异步测试协程警告",
      "file_path": "packages\\pytest_benchmark\\fixture.py",
      "line_number": 109,
      "message": "RuntimeWarning: coroutine 'TestPerformanceBenchmark.test_concurrent_agent_operations_performance.<locals>.concurrent_operations' was never awaited",
      "details": {
        "context": "    @pytest.mark.performance\n\ntests/integration/test_performance_benchmark.py::TestPerformanceBenchmark::test_concurrent_agent_operations_performance\n  C:\\Users\\catai\\AppData\\Local\\Programs\\Python\\Python312\\Lib\\site-packages\\pytest_benchmark\\fixture.py:109: RuntimeWarning: coroutine 'TestPerformanceBenchmark.test_concurrent_agent_operations_performance.<locals>.concurrent_operations' was never awaited\n    function_to_benchmark(*args, **kwargs)\n  Enable tracemalloc to get traceback where the object was allocated.\n  See https://docs.pytest.org/en/stable/how-to/capture-warnings.html#resource-warnings for more info.",
        "full_match": "RuntimeWarning: coroutine 'TestPerformanceBenchmark.test_concurrent_agent_operations_performance.<locals>.concurrent_operations' was never awaited"
      }
    },
    {
      "type": "异步测试协程警告",
      "file_path": "packages\\pytest_benchmark\\fixture.py",
      "line_number": 258,
      "message": "RuntimeWarning: coroutine 'TestSystemLoadBenchmark.test_high_load_agent_management.<locals>.high_load_operations' was never awaited",
      "details": {
        "context": "    @pytest.mark.performance\n\ntests/integration/test_performance_benchmark.py::TestSystemLoadBenchmark::test_high_load_agent_management\n  C:\\Users\\catai\\AppData\\Local\\Programs\\Python\\Python312\\Lib\\site-packages\\pytest_benchmark\\fixture.py:258: RuntimeWarning: coroutine 'TestSystemLoadBenchmark.test_high_load_agent_management.<locals>.high_load_operations' was never awaited\n    duration, result = runner(loops_range)\n  Enable tracemalloc to get traceback where the object was allocated.\n  See https://docs.pytest.org/en/stable/how-to/capture-warnings.html#resource-warnings for more info.",
        "full_match": "RuntimeWarning: coroutine 'TestSystemLoadBenchmark.test_high_load_agent_management.<locals>.high_load_operations' was never awaited"
      }
    },
    {
      "type": "异步测试协程警告",
      "file_path": "packages\\pytest_benchmark\\fixture.py",
      "line_number": 258,
      "message": "RuntimeWarning: coroutine 'TestSystemLoadBenchmark.test_concurrent_hsp_message_processing.<locals>.concurrent_message_processing' was never awaited",
      "details": {
        "context": "  See https://docs.pytest.org/en/stable/how-to/capture-warnings.html#resource-warnings for more info.\n\ntests/integration/test_performance_benchmark.py::TestSystemLoadBenchmark::test_concurrent_hsp_message_processing\n  C:\\Users\\catai\\AppData\\Local\\Programs\\Python\\Python312\\Lib\\site-packages\\pytest_benchmark\\fixture.py:258: RuntimeWarning: coroutine 'TestSystemLoadBenchmark.test_concurrent_hsp_message_processing.<locals>.concurrent_message_processing' was never awaited\n    duration, result = runner(loops_range)\n  Enable tracemalloc to get traceback where the object was allocated.\n  See https://docs.pytest.org/en/stable/how-to/capture-warnings.html#resource-warnings for more info.",
        "full_match": "RuntimeWarning: coroutine 'TestSystemLoadBenchmark.test_concurrent_hsp_message_processing.<locals>.concurrent_message_processing' was never awaited"
      }
    },
    {
      "type": "异步测试协程警告",
      "file_path": "packages\\pluggy\\_manager.py",
      "line_number": 516,
      "message": "RuntimeWarning: coroutine 'sleep' was never awaited",
      "details": {
        "context": "  See https://docs.pytest.org/en/stable/how-to/capture-warnings.html#resource-warnings for more info.\n\ntests/integrations/test_atlassian_bridge.py::TestAtlassianBridge::test_create_confluence_page\n  C:\\Users\\catai\\AppData\\Local\\Programs\\Python\\Python312\\Lib\\site-packages\\pluggy\\_manager.py:516: RuntimeWarning: coroutine 'sleep' was never awaited\n    plugins_to_remove = {plug for plug in remove_plugins if hasattr(plug, name)}\n  Enable tracemalloc to get traceback where the object was allocated.\n  See https://docs.pytest.org/en/stable/how-to/capture-warnings.html#resource-warnings for more info.",
        "full_match": "RuntimeWarning: coroutine 'sleep' was never awaited"
      }
    },
    {
      "type": "异步测试协程警告",
      "file_path": "\\Users\\catai\\AppData\\Local\\Programs\\Python\\Python312\\Lib\\unittest\\case.py",
      "line_number": 589,
      "message": "RuntimeWarning: coroutine 'TestAudioService.test_02_speech_to_text_success' was never awaited",
      "details": {
        "context": "    warnings.warn(\n\ntests/services/test_audio_service.py::TestAudioService::test_02_speech_to_text_success\n  C:\\Users\\catai\\AppData\\Local\\Programs\\Python\\Python312\\Lib\\unittest\\case.py:589: RuntimeWarning: coroutine 'TestAudioService.test_02_speech_to_text_success' was never awaited\n    if method() is not None:\n  Enable tracemalloc to get traceback where the object was allocated.\n  See https://docs.pytest.org/en/stable/how-to/capture-warnings.html#resource-warnings for more info.",
        "full_match": "RuntimeWarning: coroutine 'TestAudioService.test_02_speech_to_text_success' was never awaited"
      }
    },
    {
      "type": "异步测试协程警告",
      "file_path": "\\Users\\catai\\AppData\\Local\\Programs\\Python\\Python312\\Lib\\unittest\\case.py",
      "line_number": 589,
      "message": "RuntimeWarning: coroutine 'TestAudioService.test_02_speech_to_text_with_empty_input' was never awaited",
      "details": {
        "context": "    return self.run(*args, **kwds)\n\ntests/services/test_audio_service.py::TestAudioService::test_02_speech_to_text_with_empty_input\n  C:\\Users\\catai\\AppData\\Local\\Programs\\Python\\Python312\\Lib\\unittest\\case.py:589: RuntimeWarning: coroutine 'TestAudioService.test_02_speech_to_text_with_empty_input' was never awaited\n    if method() is not None:\n  Enable tracemalloc to get traceback where the object was allocated.\n  See https://docs.pytest.org/en/stable/how-to/capture-warnings.html#resource-warnings for more info.",
        "full_match": "RuntimeWarning: coroutine 'TestAudioService.test_02_speech_to_text_with_empty_input' was never awaited"
      }
    },
    {
      "type": "异步测试协程警告",
      "file_path": "\\Users\\catai\\AppData\\Local\\Programs\\Python\\Python312\\Lib\\unittest\\case.py",
      "line_number": 589,
      "message": "RuntimeWarning: coroutine 'TestAudioService.test_02_speech_to_text_with_none_input' was never awaited",
      "details": {
        "context": "    return self.run(*args, **kwds)\n\ntests/services/test_audio_service.py::TestAudioService::test_02_speech_to_text_with_none_input\n  C:\\Users\\catai\\AppData\\Local\\Programs\\Python\\Python312\\Lib\\unittest\\case.py:589: RuntimeWarning: coroutine 'TestAudioService.test_02_speech_to_text_with_none_input' was never awaited\n    if method() is not None:\n  Enable tracemalloc to get traceback where the object was allocated.\n  See https://docs.pytest.org/en/stable/how-to/capture-warnings.html#resource-warnings for more info.",
        "full_match": "RuntimeWarning: coroutine 'TestAudioService.test_02_speech_to_text_with_none_input' was never awaited"
      }
    },
    {
      "type": "异步测试协程警告",
      "file_path": "\\Users\\catai\\AppData\\Local\\Programs\\Python\\Python312\\Lib\\unittest\\case.py",
      "line_number": 589,
      "message": "RuntimeWarning: coroutine 'TestLLMInterface.test_02_generate_response' was never awaited",
      "details": {
        "context": "    return self.run(*args, **kwds)\n\ntests/services/test_llm_interface.py::TestLLMInterface::test_02_generate_response\n  C:\\Users\\catai\\AppData\\Local\\Programs\\Python\\Python312\\Lib\\unittest\\case.py:589: RuntimeWarning: coroutine 'TestLLMInterface.test_02_generate_response' was never awaited\n    if method() is not None:\n  Enable tracemalloc to get traceback where the object was allocated.\n  See https://docs.pytest.org/en/stable/how-to/capture-warnings.html#resource-warnings for more info.",
        "full_match": "RuntimeWarning: coroutine 'TestLLMInterface.test_02_generate_response' was never awaited"
      }
    },
    {
      "type": "异步测试协程警告",
      "file_path": "\\Users\\catai\\AppData\\Local\\Programs\\Python\\Python312\\Lib\\unittest\\case.py",
      "line_number": 589,
      "message": "RuntimeWarning: coroutine 'TestLLMInterface.test_03_list_models' was never awaited",
      "details": {
        "context": "    return self.run(*args, **kwds)\n\ntests/services/test_llm_interface.py::TestLLMInterface::test_03_list_models\n  C:\\Users\\catai\\AppData\\Local\\Programs\\Python\\Python312\\Lib\\unittest\\case.py:589: RuntimeWarning: coroutine 'TestLLMInterface.test_03_list_models' was never awaited\n    if method() is not None:\n  Enable tracemalloc to get traceback where the object was allocated.\n  See https://docs.pytest.org/en/stable/how-to/capture-warnings.html#resource-warnings for more info.",
        "full_match": "RuntimeWarning: coroutine 'TestLLMInterface.test_03_list_models' was never awaited"
      }
    },
    {
      "type": "异步测试协程警告",
      "file_path": "\\Users\\catai\\AppData\\Local\\Programs\\Python\\Python312\\Lib\\unittest\\case.py",
      "line_number": 589,
      "message": "RuntimeWarning: coroutine 'TestVisionService.test_02_analyze_image' was never awaited",
      "details": {
        "context": "    warnings.warn(\n\ntests/services/test_vision_service.py::TestVisionService::test_02_analyze_image\n  C:\\Users\\catai\\AppData\\Local\\Programs\\Python\\Python312\\Lib\\unittest\\case.py:589: RuntimeWarning: coroutine 'TestVisionService.test_02_analyze_image' was never awaited\n    if method() is not None:\n  Enable tracemalloc to get traceback where the object was allocated.\n  See https://docs.pytest.org/en/stable/how-to/capture-warnings.html#resource-warnings for more info.",
        "full_match": "RuntimeWarning: coroutine 'TestVisionService.test_02_analyze_image' was never awaited"
      }
    },
    {
      "type": "异步测试协程警告",
      "file_path": "\\Users\\catai\\AppData\\Local\\Programs\\Python\\Python312\\Lib\\unittest\\case.py",
      "line_number": 589,
      "message": "RuntimeWarning: coroutine 'TestVisionService.test_03_compare_images' was never awaited",
      "details": {
        "context": "    return self.run(*args, **kwds)\n\ntests/services/test_vision_service.py::TestVisionService::test_03_compare_images\n  C:\\Users\\catai\\AppData\\Local\\Programs\\Python\\Python312\\Lib\\unittest\\case.py:589: RuntimeWarning: coroutine 'TestVisionService.test_03_compare_images' was never awaited\n    if method() is not None:\n  Enable tracemalloc to get traceback where the object was allocated.\n  See https://docs.pytest.org/en/stable/how-to/capture-warnings.html#resource-warnings for more info.",
        "full_match": "RuntimeWarning: coroutine 'TestVisionService.test_03_compare_images' was never awaited"
      }
    },
    {
      "type": "异步测试协程警告",
      "file_path": "\\Users\\catai\\AppData\\Local\\Programs\\Python\\Python312\\Lib\\unittest\\case.py",
      "line_number": 589,
      "message": "RuntimeWarning: coroutine 'TestCoreServiceManager.test_load_service_success' was never awaited",
      "details": {
        "context": "    warnings.warn(\n\ntests/test_core_service_manager.py::TestCoreServiceManager::test_load_service_success\n  C:\\Users\\catai\\AppData\\Local\\Programs\\Python\\Python312\\Lib\\unittest\\case.py:589: RuntimeWarning: coroutine 'TestCoreServiceManager.test_load_service_success' was never awaited\n    if method() is not None:\n  Enable tracemalloc to get traceback where the object was allocated.\n  See https://docs.pytest.org/en/stable/how-to/capture-warnings.html#resource-warnings for more info.",
        "full_match": "RuntimeWarning: coroutine 'TestCoreServiceManager.test_load_service_success' was never awaited"
      }
    },
    {
      "type": "异步测试协程警告",
      "file_path": "\\Users\\catai\\AppData\\Local\\Programs\\Python\\Python312\\Lib\\unittest\\case.py",
      "line_number": 589,
      "message": "RuntimeWarning: coroutine 'TestCoreServiceManager.test_load_service_with_dependencies' was never awaited",
      "details": {
        "context": "    return self.run(*args, **kwds)\n\ntests/test_core_service_manager.py::TestCoreServiceManager::test_load_service_with_dependencies\n  C:\\Users\\catai\\AppData\\Local\\Programs\\Python\\Python312\\Lib\\unittest\\case.py:589: RuntimeWarning: coroutine 'TestCoreServiceManager.test_load_service_with_dependencies' was never awaited\n    if method() is not None:\n  Enable tracemalloc to get traceback where the object was allocated.\n  See https://docs.pytest.org/en/stable/how-to/capture-warnings.html#resource-warnings for more info.",
        "full_match": "RuntimeWarning: coroutine 'TestCoreServiceManager.test_load_service_with_dependencies' was never awaited"
      }
    },
    {
      "type": "异步测试协程警告",
      "file_path": "\\Users\\catai\\AppData\\Local\\Programs\\Python\\Python312\\Lib\\unittest\\case.py",
      "line_number": 589,
      "message": "RuntimeWarning: coroutine 'TestCoreServiceManager.test_restart_service' was never awaited",
      "details": {
        "context": "    return self.run(*args, **kwds)\n\ntests/test_core_service_manager.py::TestCoreServiceManager::test_restart_service\n  C:\\Users\\catai\\AppData\\Local\\Programs\\Python\\Python312\\Lib\\unittest\\case.py:589: RuntimeWarning: coroutine 'TestCoreServiceManager.test_restart_service' was never awaited\n    if method() is not None:\n  Enable tracemalloc to get traceback where the object was allocated.\n  See https://docs.pytest.org/en/stable/how-to/capture-warnings.html#resource-warnings for more info.",
        "full_match": "RuntimeWarning: coroutine 'TestCoreServiceManager.test_restart_service' was never awaited"
      }
    },
    {
      "type": "异步测试协程警告",
      "file_path": "\\Users\\catai\\AppData\\Local\\Programs\\Python\\Python312\\Lib\\unittest\\case.py",
      "line_number": 589,
      "message": "RuntimeWarning: coroutine 'TestCoreServiceManager.test_unload_service' was never awaited",
      "details": {
        "context": "    return self.run(*args, **kwds)\n\ntests/test_core_service_manager.py::TestCoreServiceManager::test_unload_service\n  C:\\Users\\catai\\AppData\\Local\\Programs\\Python\\Python312\\Lib\\unittest\\case.py:589: RuntimeWarning: coroutine 'TestCoreServiceManager.test_unload_service' was never awaited\n    if method() is not None:\n  Enable tracemalloc to get traceback where the object was allocated.\n  See https://docs.pytest.org/en/stable/how-to/capture-warnings.html#resource-warnings for more info.",
        "full_match": "RuntimeWarning: coroutine 'TestCoreServiceManager.test_unload_service' was never awaited"
      }
    },
    {
      "type": "异步测试协程警告",
      "file_path": "\\Users\\catai\\AppData\\Local\\Programs\\Python\\Python312\\Lib\\unittest\\case.py",
      "line_number": 589,
      "message": "RuntimeWarning: coroutine 'TestLogicModelComponents.test_05_tool_dispatcher_logic_routing' was never awaited",
      "details": {
        "context": "    plt.savefig(self.reports_dir / output_file, dpi=300, bbox_inches='tight')\n\ntests/tools/test_logic_model.py::TestLogicModelComponents::test_05_tool_dispatcher_logic_routing\n  C:\\Users\\catai\\AppData\\Local\\Programs\\Python\\Python312\\Lib\\unittest\\case.py:589: RuntimeWarning: coroutine 'TestLogicModelComponents.test_05_tool_dispatcher_logic_routing' was never awaited\n    if method() is not None:\n  Enable tracemalloc to get traceback where the object was allocated.\n  See https://docs.pytest.org/en/stable/how-to/capture-warnings.html#resource-warnings for more info.",
        "full_match": "RuntimeWarning: coroutine 'TestLogicModelComponents.test_05_tool_dispatcher_logic_routing' was never awaited"
      }
    },
    {
      "type": "异步测试协程警告",
      "file_path": "\\Users\\catai\\AppData\\Local\\Programs\\Python\\Python312\\Lib\\unittest\\case.py",
      "line_number": 589,
      "message": "RuntimeWarning: coroutine 'TestMathModelComponents.test_math_tool_calculate_model_unavailable' was never awaited",
      "details": {
        "context": "    return self.run(*args, **kwds)\n\ntests/tools/test_math_model.py::TestMathModelComponents::test_math_tool_calculate_model_unavailable\n  C:\\Users\\catai\\AppData\\Local\\Programs\\Python\\Python312\\Lib\\unittest\\case.py:589: RuntimeWarning: coroutine 'TestMathModelComponents.test_math_tool_calculate_model_unavailable' was never awaited\n    if method() is not None:\n  Enable tracemalloc to get traceback where the object was allocated.\n  See https://docs.pytest.org/en/stable/how-to/capture-warnings.html#resource-warnings for more info.",
        "full_match": "RuntimeWarning: coroutine 'TestMathModelComponents.test_math_tool_calculate_model_unavailable' was never awaited"
      }
    },
    {
      "type": "异步测试协程警告",
      "file_path": "\\Users\\catai\\AppData\\Local\\Programs\\Python\\Python312\\Lib\\unittest\\case.py",
      "line_number": 589,
      "message": "RuntimeWarning: coroutine 'TestMathModelComponents.test_tool_dispatcher_math_routing' was never awaited",
      "details": {
        "context": "    return self.run(*args, **kwds)\n\ntests/tools/test_math_model.py::TestMathModelComponents::test_tool_dispatcher_math_routing\n  C:\\Users\\catai\\AppData\\Local\\Programs\\Python\\Python312\\Lib\\unittest\\case.py:589: RuntimeWarning: coroutine 'TestMathModelComponents.test_tool_dispatcher_math_routing' was never awaited\n    if method() is not None:\n  Enable tracemalloc to get traceback where the object was allocated.\n  See https://docs.pytest.org/en/stable/how-to/capture-warnings.html#resource-warnings for more info.",
        "full_match": "RuntimeWarning: coroutine 'TestMathModelComponents.test_tool_dispatcher_math_routing' was never awaited"
      }
    },
    {
      "type": "异步测试协程警告",
      "file_path": "\\Users\\catai\\AppData\\Local\\Programs\\Python\\Python312\\Lib\\unittest\\case.py",
      "line_number": 589,
      "message": "RuntimeWarning: coroutine 'TestTranslationModelComponents.test_05_tool_dispatcher_translation_routing' was never awaited",
      "details": {
        "context": "    return self.run(*args, **kwds)\n\ntests/tools/test_translation_model.py::TestTranslationModelComponents::test_05_tool_dispatcher_translation_routing\n  C:\\Users\\catai\\AppData\\Local\\Programs\\Python\\Python312\\Lib\\unittest\\case.py:589: RuntimeWarning: coroutine 'TestTranslationModelComponents.test_05_tool_dispatcher_translation_routing' was never awaited\n    if method() is not None:\n  Enable tracemalloc to get traceback where the object was allocated.\n  See https://docs.pytest.org/en/stable/how-to/capture-warnings.html#resource-warnings for more info.",
        "full_match": "RuntimeWarning: coroutine 'TestTranslationModelComponents.test_05_tool_dispatcher_translation_routing' was never awaited"
      }
    },
    {
      "type": "导入路径错误",
      "file_path": null,
      "line_number": null,
      "message": "No module named 'apps'",
      "details": {
        "context": "\n    from apps.backend.src.hsp.connector import HSPConnector\n\nModuleNotFoundError: No module named 'apps'\n\nTraceback (most recent call last):\n",
        "full_match": "No module named 'apps'"
      }
    },
    {
      "type": "导入路径错误",
      "file_path": "agent_manager.py",
      "line_number": 167,
      "message": "No module named 'apps'",
      "details": {
        "context": "\n    from apps.backend.src.hsp.connector import HSPConnector\n\nModuleNotFoundError: No module named 'apps'\n\n------------------------------ Captured log call ------------------------------\nWARNING  root:agent_manager.py:167 [AgentManager] Agent 'data_analysis_agent' not ready within 10 seconds. Checking all capabilities...",
        "full_match": "No module named 'apps'"
      }
    },
    {
      "type": "属性错误",
      "file_path": "\\Users\\catai\\AppData\\Local\\Programs\\Python\\Python312\\Lib\\pkgutil.py",
      "line_number": 528,
      "message": "AttributeError:",
      "details": {
        "context": "C:\\Users\\catai\\AppData\\Local\\Programs\\Python\\Python312\\Lib\\pkgutil.py:528: in resolve_name\n    result = getattr(result, p)\n             ^^^^^^^^^^^^^^^^^^\nE   AttributeError: module 'apps.backend.src.core_ai.memory' has no attribute 'ham_memory_manager'\n_ ERROR at setup of TestAIAgentIntegration.test_agent_hsp_communication_integration _\nC:\\Users\\catai\\AppData\\Local\\Programs\\Python\\Python312\\Lib\\site-packages\\pytest_asyncio\\plugin.py:463: in setup\n    return super().setup()",
        "full_match": "AttributeError:"
      }
    },
    {
      "type": "属性错误",
      "file_path": "\\Users\\catai\\AppData\\Local\\Programs\\Python\\Python312\\Lib\\pkgutil.py",
      "line_number": 528,
      "message": "AttributeError:",
      "details": {
        "context": "C:\\Users\\catai\\AppData\\Local\\Programs\\Python\\Python312\\Lib\\pkgutil.py:528: in resolve_name\n    result = getattr(result, p)\n             ^^^^^^^^^^^^^^^^^^\nE   AttributeError: module 'apps.backend.src.core_ai.memory' has no attribute 'ham_memory_manager'\n___ ERROR at setup of TestAIAgentIntegration.test_agent_memory_integration ____\nC:\\Users\\catai\\AppData\\Local\\Programs\\Python\\Python312\\Lib\\site-packages\\pytest_asyncio\\plugin.py:463: in setup\n    return super().setup()",
        "full_match": "AttributeError:"
      }
    },
    {
      "type": "属性错误",
      "file_path": "\\Users\\catai\\AppData\\Local\\Programs\\Python\\Python312\\Lib\\pkgutil.py",
      "line_number": 528,
      "message": "AttributeError:",
      "details": {
        "context": "C:\\Users\\catai\\AppData\\Local\\Programs\\Python\\Python312\\Lib\\pkgutil.py:528: in resolve_name\n    result = getattr(result, p)\n             ^^^^^^^^^^^^^^^^^^\nE   AttributeError: module 'apps.backend.src.core_ai.memory' has no attribute 'ham_memory_manager'\n__ ERROR at setup of TestAIAgentIntegration.test_agent_learning_integration ___\nC:\\Users\\catai\\AppData\\Local\\Programs\\Python\\Python312\\Lib\\site-packages\\pytest_asyncio\\plugin.py:463: in setup\n    return super().setup()",
        "full_match": "AttributeError:"
      }
    },
    {
      "type": "属性错误",
      "file_path": "\\Users\\catai\\AppData\\Local\\Programs\\Python\\Python312\\Lib\\pkgutil.py",
      "line_number": 528,
      "message": "AttributeError:",
      "details": {
        "context": "C:\\Users\\catai\\AppData\\Local\\Programs\\Python\\Python312\\Lib\\pkgutil.py:528: in resolve_name\n    result = getattr(result, p)\n             ^^^^^^^^^^^^^^^^^^\nE   AttributeError: module 'apps.backend.src.core_ai.memory' has no attribute 'ham_memory_manager'\n_ ERROR at setup of TestAgentCollaborationIntegration.test_multi_agent_collaboration _\nC:\\Users\\catai\\AppData\\Local\\Programs\\Python\\Python312\\Lib\\site-packages\\pytest_asyncio\\plugin.py:463: in setup\n    return super().setup()",
        "full_match": "AttributeError:"
      }
    },
    {
      "type": "属性错误",
      "file_path": "\\Users\\catai\\AppData\\Local\\Programs\\Python\\Python312\\Lib\\pkgutil.py",
      "line_number": 528,
      "message": "AttributeError:",
      "details": {
        "context": "C:\\Users\\catai\\AppData\\Local\\Programs\\Python\\Python312\\Lib\\pkgutil.py:528: in resolve_name\n    result = getattr(result, p)\n             ^^^^^^^^^^^^^^^^^^\nE   AttributeError: module 'apps.backend.src.core_ai.memory' has no attribute 'ham_memory_manager'\n_ ERROR at setup of TestCoreServicesIntegration.test_service_initialization_integration _\nC:\\Users\\catai\\AppData\\Local\\Programs\\Python\\Python312\\Lib\\site-packages\\pytest_asyncio\\plugin.py:463: in setup\n    return super().setup()",
        "full_match": "AttributeError:"
      }
    },
    {
      "type": "属性错误",
      "file_path": "\\Users\\catai\\AppData\\Local\\Programs\\Python\\Python312\\Lib\\pkgutil.py",
      "line_number": 528,
      "message": "AttributeError:",
      "details": {
        "context": "C:\\Users\\catai\\AppData\\Local\\Programs\\Python\\Python312\\Lib\\pkgutil.py:528: in resolve_name\n    result = getattr(result, p)\n             ^^^^^^^^^^^^^^^^^^\nE   AttributeError: module 'apps.backend.src.core_ai.memory' has no attribute 'ham_memory_manager'\n_ ERROR at setup of TestCoreServicesIntegration.test_service_dependency_integration _\nC:\\Users\\catai\\AppData\\Local\\Programs\\Python\\Python312\\Lib\\site-packages\\pytest_asyncio\\plugin.py:463: in setup\n    return super().setup()",
        "full_match": "AttributeError:"
      }
    },
    {
      "type": "属性错误",
      "file_path": "\\Users\\catai\\AppData\\Local\\Programs\\Python\\Python312\\Lib\\pkgutil.py",
      "line_number": 528,
      "message": "AttributeError:",
      "details": {
        "context": "C:\\Users\\catai\\AppData\\Local\\Programs\\Python\\Python312\\Lib\\pkgutil.py:528: in resolve_name\n    result = getattr(result, p)\n             ^^^^^^^^^^^^^^^^^^\nE   AttributeError: module 'apps.backend.src.core_ai.memory' has no attribute 'ham_memory_manager'\n_ ERROR at setup of TestCoreServicesIntegration.test_service_lifecycle_integration _\nC:\\Users\\catai\\AppData\\Local\\Programs\\Python\\Python312\\Lib\\site-packages\\pytest_asyncio\\plugin.py:463: in setup\n    return super().setup()",
        "full_match": "AttributeError:"
      }
    },
    {
      "type": "属性错误",
      "file_path": "\\Users\\catai\\AppData\\Local\\Programs\\Python\\Python312\\Lib\\pkgutil.py",
      "line_number": 528,
      "message": "AttributeError:",
      "details": {
        "context": "C:\\Users\\catai\\AppData\\Local\\Programs\\Python\\Python312\\Lib\\pkgutil.py:528: in resolve_name\n    result = getattr(result, p)\n             ^^^^^^^^^^^^^^^^^^\nE   AttributeError: module 'apps.backend.src.core_ai.memory' has no attribute 'ham_memory_manager'\n_ ERROR at setup of TestMultiServiceCoordinationIntegration.test_multi_service_coordination_integration _\nC:\\Users\\catai\\AppData\\Local\\Programs\\Python\\Python312\\Lib\\site-packages\\pytest_asyncio\\plugin.py:463: in setup\n    return super().setup()",
        "full_match": "AttributeError:"
      }
    },
    {
      "type": "属性错误",
      "file_path": "\\Users\\catai\\AppData\\Local\\Programs\\Python\\Python312\\Lib\\pkgutil.py",
      "line_number": 528,
      "message": "AttributeError:",
      "details": {
        "context": "C:\\Users\\catai\\AppData\\Local\\Programs\\Python\\Python312\\Lib\\pkgutil.py:528: in resolve_name\n    result = getattr(result, p)\n             ^^^^^^^^^^^^^^^^^^\nE   AttributeError: module 'apps.backend.src.core_ai.memory' has no attribute 'ham_memory_manager'\n_ ERROR at setup of TestServiceFailureRecoveryIntegration.test_service_failure_recovery_integration _\nC:\\Users\\catai\\AppData\\Local\\Programs\\Python\\Python312\\Lib\\site-packages\\pytest_asyncio\\plugin.py:463: in setup\n    return super().setup()",
        "full_match": "AttributeError:"
      }
    },
    {
      "type": "属性错误",
      "file_path": "\\Users\\catai\\AppData\\Local\\Programs\\Python\\Python312\\Lib\\pkgutil.py",
      "line_number": 528,
      "message": "AttributeError:",
      "details": {
        "context": "C:\\Users\\catai\\AppData\\Local\\Programs\\Python\\Python312\\Lib\\pkgutil.py:528: in resolve_name\n    result = getattr(result, p)\n             ^^^^^^^^^^^^^^^^^^\nE   AttributeError: module 'apps.backend.src.core_ai.memory' has no attribute 'ham_memory_manager'\n_ ERROR at setup of TestHSPProtocolIntegration.test_hsp_connection_integration _\nC:\\Users\\catai\\AppData\\Local\\Programs\\Python\\Python312\\Lib\\site-packages\\pytest_asyncio\\plugin.py:463: in setup\n    return super().setup()",
        "full_match": "AttributeError:"
      }
    },
    {
      "type": "属性错误",
      "file_path": "\\Users\\catai\\AppData\\Local\\Programs\\Python\\Python312\\Lib\\pkgutil.py",
      "line_number": 528,
      "message": "AttributeError:",
      "details": {
        "context": "C:\\Users\\catai\\AppData\\Local\\Programs\\Python\\Python312\\Lib\\pkgutil.py:528: in resolve_name\n    result = getattr(result, p)\n             ^^^^^^^^^^^^^^^^^^\nE   AttributeError: module 'apps.backend.src.core_ai.memory' has no attribute 'ham_memory_manager'\n_ ERROR at setup of TestHSPProtocolIntegration.test_hsp_message_publish_subscribe_integration _\nC:\\Users\\catai\\AppData\\Local\\Programs\\Python\\Python312\\Lib\\site-packages\\pytest_asyncio\\plugin.py:463: in setup\n    return super().setup()",
        "full_match": "AttributeError:"
      }
    },
    {
      "type": "属性错误",
      "file_path": "\\Users\\catai\\AppData\\Local\\Programs\\Python\\Python312\\Lib\\pkgutil.py",
      "line_number": 528,
      "message": "AttributeError:",
      "details": {
        "context": "C:\\Users\\catai\\AppData\\Local\\Programs\\Python\\Python312\\Lib\\pkgutil.py:528: in resolve_name\n    result = getattr(result, p)\n             ^^^^^^^^^^^^^^^^^^\nE   AttributeError: module 'apps.backend.src.core_ai.memory' has no attribute 'ham_memory_manager'\n_ ERROR at setup of TestHSPProtocolIntegration.test_hsp_agent_communication_integration _\nC:\\Users\\catai\\AppData\\Local\\Programs\\Python\\Python312\\Lib\\site-packages\\pytest_asyncio\\plugin.py:463: in setup\n    return super().setup()",
        "full_match": "AttributeError:"
      }
    },
    {
      "type": "属性错误",
      "file_path": "\\Users\\catai\\AppData\\Local\\Programs\\Python\\Python312\\Lib\\pkgutil.py",
      "line_number": 528,
      "message": "AttributeError:",
      "details": {
        "context": "C:\\Users\\catai\\AppData\\Local\\Programs\\Python\\Python312\\Lib\\pkgutil.py:528: in resolve_name\n    result = getattr(result, p)\n             ^^^^^^^^^^^^^^^^^^\nE   AttributeError: module 'apps.backend.src.core_ai.memory' has no attribute 'ham_memory_manager'\n_ ERROR at setup of TestHSPMessageRoutingIntegration.test_hsp_message_routing_integration _\nC:\\Users\\catai\\AppData\\Local\\Programs\\Python\\Python312\\Lib\\site-packages\\pytest_asyncio\\plugin.py:463: in setup\n    return super().setup()",
        "full_match": "AttributeError:"
      }
    },
    {
      "type": "属性错误",
      "file_path": "\\Users\\catai\\AppData\\Local\\Programs\\Python\\Python312\\Lib\\pkgutil.py",
      "line_number": 528,
      "message": "AttributeError:",
      "details": {
        "context": "C:\\Users\\catai\\AppData\\Local\\Programs\\Python\\Python312\\Lib\\pkgutil.py:528: in resolve_name\n    result = getattr(result, p)\n             ^^^^^^^^^^^^^^^^^^\nE   AttributeError: module 'apps.backend.src.core_ai.memory' has no attribute 'ham_memory_manager'\n_ ERROR at setup of TestHSPMessageRoutingIntegration.test_hsp_broadcast_integration _\nC:\\Users\\catai\\AppData\\Local\\Programs\\Python\\Python312\\Lib\\site-packages\\pytest_asyncio\\plugin.py:463: in setup\n    return super().setup()",
        "full_match": "AttributeError:"
      }
    },
    {
      "type": "属性错误",
      "file_path": "\\Users\\catai\\AppData\\Local\\Programs\\Python\\Python312\\Lib\\pkgutil.py",
      "line_number": 528,
      "message": "AttributeError:",
      "details": {
        "context": "C:\\Users\\catai\\AppData\\Local\\Programs\\Python\\Python312\\Lib\\pkgutil.py:528: in resolve_name\n    result = getattr(result, p)\n             ^^^^^^^^^^^^^^^^^^\nE   AttributeError: module 'apps.backend.src.core_ai.memory' has no attribute 'ham_memory_manager'\n_ ERROR at setup of TestHSPQualityOfServiceIntegration.test_hsp_qos_integration _\nC:\\Users\\catai\\AppData\\Local\\Programs\\Python\\Python312\\Lib\\site-packages\\pytest_asyncio\\plugin.py:463: in setup\n    return super().setup()",
        "full_match": "AttributeError:"
      }
    },
    {
      "type": "属性错误",
      "file_path": "\\Users\\catai\\AppData\\Local\\Programs\\Python\\Python312\\Lib\\pkgutil.py",
      "line_number": 528,
      "message": "AttributeError:",
      "details": {
        "context": "C:\\Users\\catai\\AppData\\Local\\Programs\\Python\\Python312\\Lib\\pkgutil.py:528: in resolve_name\n    result = getattr(result, p)\n             ^^^^^^^^^^^^^^^^^^\nE   AttributeError: module 'apps.backend.src.core_ai.memory' has no attribute 'ham_memory_manager'\n_ ERROR at setup of TestMemorySystemIntegration.test_memory_storage_retrieval_integration _\nC:\\Users\\catai\\AppData\\Local\\Programs\\Python\\Python312\\Lib\\site-packages\\pytest_asyncio\\plugin.py:463: in setup\n    return super().setup()",
        "full_match": "AttributeError:"
      }
    },
    {
      "type": "属性错误",
      "file_path": "\\Users\\catai\\AppData\\Local\\Programs\\Python\\Python312\\Lib\\pkgutil.py",
      "line_number": 528,
      "message": "AttributeError:",
      "details": {
        "context": "C:\\Users\\catai\\AppData\\Local\\Programs\\Python\\Python312\\Lib\\pkgutil.py:528: in resolve_name\n    result = getattr(result, p)\n             ^^^^^^^^^^^^^^^^^^\nE   AttributeError: module 'apps.backend.src.core_ai.memory' has no attribute 'ham_memory_manager'\n_ ERROR at setup of TestMemorySystemIntegration.test_memory_agent_integration _\nC:\\Users\\catai\\AppData\\Local\\Programs\\Python\\Python312\\Lib\\site-packages\\pytest_asyncio\\plugin.py:463: in setup\n    return super().setup()",
        "full_match": "AttributeError:"
      }
    },
    {
      "type": "属性错误",
      "file_path": "\\Users\\catai\\AppData\\Local\\Programs\\Python\\Python312\\Lib\\pkgutil.py",
      "line_number": 528,
      "message": "AttributeError:",
      "details": {
        "context": "C:\\Users\\catai\\AppData\\Local\\Programs\\Python\\Python312\\Lib\\pkgutil.py:528: in resolve_name\n    result = getattr(result, p)\n             ^^^^^^^^^^^^^^^^^^\nE   AttributeError: module 'apps.backend.src.core_ai.memory' has no attribute 'ham_memory_manager'\n_ ERROR at setup of TestMemorySystemIntegration.test_memory_importance_scoring_integration _\nC:\\Users\\catai\\AppData\\Local\\Programs\\Python\\Python312\\Lib\\site-packages\\pytest_asyncio\\plugin.py:463: in setup\n    return super().setup()",
        "full_match": "AttributeError:"
      }
    },
    {
      "type": "属性错误",
      "file_path": "\\Users\\catai\\AppData\\Local\\Programs\\Python\\Python312\\Lib\\pkgutil.py",
      "line_number": 528,
      "message": "AttributeError:",
      "details": {
        "context": "C:\\Users\\catai\\AppData\\Local\\Programs\\Python\\Python312\\Lib\\pkgutil.py:528: in resolve_name\n    result = getattr(result, p)\n             ^^^^^^^^^^^^^^^^^^\nE   AttributeError: module 'apps.backend.src.core_ai.memory' has no attribute 'ham_memory_manager'\n_ ERROR at setup of TestMemoryCompressionIntegration.test_memory_compression_integration _\nC:\\Users\\catai\\AppData\\Local\\Programs\\Python\\Python312\\Lib\\site-packages\\pytest_asyncio\\plugin.py:463: in setup\n    return super().setup()",
        "full_match": "AttributeError:"
      }
    },
    {
      "type": "属性错误",
      "file_path": "\\Users\\catai\\AppData\\Local\\Programs\\Python\\Python312\\Lib\\pkgutil.py",
      "line_number": 528,
      "message": "AttributeError:",
      "details": {
        "context": "C:\\Users\\catai\\AppData\\Local\\Programs\\Python\\Python312\\Lib\\pkgutil.py:528: in resolve_name\n    result = getattr(result, p)\n             ^^^^^^^^^^^^^^^^^^\nE   AttributeError: module 'apps.backend.src.core_ai.memory' has no attribute 'ham_memory_manager'\n_ ERROR at setup of TestMemorySemanticMappingIntegration.test_memory_semantic_mapping_integration _\nC:\\Users\\catai\\AppData\\Local\\Programs\\Python\\Python312\\Lib\\site-packages\\pytest_asyncio\\plugin.py:463: in setup\n    return super().setup()",
        "full_match": "AttributeError:"
      }
    },
    {
      "type": "属性错误",
      "file_path": "\\Users\\catai\\AppData\\Local\\Programs\\Python\\Python312\\Lib\\pkgutil.py",
      "line_number": 528,
      "message": "AttributeError:",
      "details": {
        "context": "C:\\Users\\catai\\AppData\\Local\\Programs\\Python\\Python312\\Lib\\pkgutil.py:528: in resolve_name\n    result = getattr(result, p)\n             ^^^^^^^^^^^^^^^^^^\nE   AttributeError: module 'apps.backend.src.core_ai.memory' has no attribute 'ham_memory_manager'\n_ ERROR at setup of TestSystemLevelIntegration.test_end_to_end_user_interaction_integration _\nC:\\Users\\catai\\AppData\\Local\\Programs\\Python\\Python312\\Lib\\site-packages\\pytest_asyncio\\plugin.py:463: in setup\n    return super().setup()",
        "full_match": "AttributeError:"
      }
    },
    {
      "type": "属性错误",
      "file_path": "\\Users\\catai\\AppData\\Local\\Programs\\Python\\Python312\\Lib\\pkgutil.py",
      "line_number": 528,
      "message": "AttributeError:",
      "details": {
        "context": "C:\\Users\\catai\\AppData\\Local\\Programs\\Python\\Python312\\Lib\\pkgutil.py:528: in resolve_name\n    result = getattr(result, p)\n             ^^^^^^^^^^^^^^^^^^\nE   AttributeError: module 'apps.backend.src.core_ai.memory' has no attribute 'ham_memory_manager'\n_ ERROR at setup of TestSystemLevelIntegration.test_multi_agent_collaborative_task_integration _\nC:\\Users\\catai\\AppData\\Local\\Programs\\Python\\Python312\\Lib\\site-packages\\pytest_asyncio\\plugin.py:463: in setup\n    return super().setup()",
        "full_match": "AttributeError:"
      }
    },
    {
      "type": "属性错误",
      "file_path": "\\Users\\catai\\AppData\\Local\\Programs\\Python\\Python312\\Lib\\pkgutil.py",
      "line_number": 528,
      "message": "AttributeError:",
      "details": {
        "context": "C:\\Users\\catai\\AppData\\Local\\Programs\\Python\\Python312\\Lib\\pkgutil.py:528: in resolve_name\n    result = getattr(result, p)\n             ^^^^^^^^^^^^^^^^^^\nE   AttributeError: module 'apps.backend.src.core_ai.memory' has no attribute 'ham_memory_manager'\n_ ERROR at setup of TestSystemIntegrationWithExternalServices.test_external_api_integration _\nC:\\Users\\catai\\AppData\\Local\\Programs\\Python\\Python312\\Lib\\site-packages\\pytest_asyncio\\plugin.py:463: in setup\n    return super().setup()",
        "full_match": "AttributeError:"
      }
    },
    {
      "type": "属性错误",
      "file_path": "\\Users\\catai\\AppData\\Local\\Programs\\Python\\Python312\\Lib\\pkgutil.py",
      "line_number": 528,
      "message": "AttributeError:",
      "details": {
        "context": "C:\\Users\\catai\\AppData\\Local\\Programs\\Python\\Python312\\Lib\\pkgutil.py:528: in resolve_name\n    result = getattr(result, p)\n             ^^^^^^^^^^^^^^^^^^\nE   AttributeError: module 'apps.backend.src.core_ai.memory' has no attribute 'ham_memory_manager'\n_ ERROR at setup of TestSystemIntegrationWithExternalServices.test_database_integration _\nC:\\Users\\catai\\AppData\\Local\\Programs\\Python\\Python312\\Lib\\site-packages\\pytest_asyncio\\plugin.py:463: in setup\n    return super().setup()",
        "full_match": "AttributeError:"
      }
    },
    {
      "type": "属性错误",
      "file_path": "\\Users\\catai\\AppData\\Local\\Programs\\Python\\Python312\\Lib\\pkgutil.py",
      "line_number": 528,
      "message": "AttributeError:",
      "details": {
        "context": "C:\\Users\\catai\\AppData\\Local\\Programs\\Python\\Python312\\Lib\\pkgutil.py:528: in resolve_name\n    result = getattr(result, p)\n             ^^^^^^^^^^^^^^^^^^\nE   AttributeError: module 'apps.backend.src.core_ai.memory' has no attribute 'ham_memory_manager'\n_ ERROR at setup of TestTrainingSystemIntegration.test_model_training_integration _\nC:\\Users\\catai\\AppData\\Local\\Programs\\Python\\Python312\\Lib\\site-packages\\pytest_asyncio\\plugin.py:463: in setup\n    return super().setup()",
        "full_match": "AttributeError:"
      }
    },
    {
      "type": "属性错误",
      "file_path": "\\Users\\catai\\AppData\\Local\\Programs\\Python\\Python312\\Lib\\pkgutil.py",
      "line_number": 528,
      "message": "AttributeError:",
      "details": {
        "context": "C:\\Users\\catai\\AppData\\Local\\Programs\\Python\\Python312\\Lib\\pkgutil.py:528: in resolve_name\n    result = getattr(result, p)\n             ^^^^^^^^^^^^^^^^^^\nE   AttributeError: module 'apps.backend.src.core_ai.memory' has no attribute 'ham_memory_manager'\n_ ERROR at setup of TestTrainingSystemIntegration.test_auto_training_integration _\nC:\\Users\\catai\\AppData\\Local\\Programs\\Python\\Python312\\Lib\\site-packages\\pytest_asyncio\\plugin.py:463: in setup\n    return super().setup()",
        "full_match": "AttributeError:"
      }
    },
    {
      "type": "属性错误",
      "file_path": "\\Users\\catai\\AppData\\Local\\Programs\\Python\\Python312\\Lib\\pkgutil.py",
      "line_number": 528,
      "message": "AttributeError:",
      "details": {
        "context": "C:\\Users\\catai\\AppData\\Local\\Programs\\Python\\Python312\\Lib\\pkgutil.py:528: in resolve_name\n    result = getattr(result, p)\n             ^^^^^^^^^^^^^^^^^^\nE   AttributeError: module 'apps.backend.src.core_ai.memory' has no attribute 'ham_memory_manager'\n_ ERROR at setup of TestTrainingSystemIntegration.test_collaborative_training_integration _\nC:\\Users\\catai\\AppData\\Local\\Programs\\Python\\Python312\\Lib\\site-packages\\pytest_asyncio\\plugin.py:463: in setup\n    return super().setup()",
        "full_match": "AttributeError:"
      }
    },
    {
      "type": "属性错误",
      "file_path": "\\Users\\catai\\AppData\\Local\\Programs\\Python\\Python312\\Lib\\pkgutil.py",
      "line_number": 528,
      "message": "AttributeError:",
      "details": {
        "context": "C:\\Users\\catai\\AppData\\Local\\Programs\\Python\\Python312\\Lib\\pkgutil.py:528: in resolve_name\n    result = getattr(result, p)\n             ^^^^^^^^^^^^^^^^^^\nE   AttributeError: module 'apps.backend.src.core_ai.memory' has no attribute 'ham_memory_manager'\n_ ERROR at setup of TestIncrementalLearningIntegration.test_incremental_learning_integration _\nC:\\Users\\catai\\AppData\\Local\\Programs\\Python\\Python312\\Lib\\site-packages\\pytest_asyncio\\plugin.py:463: in setup\n    return super().setup()",
        "full_match": "AttributeError:"
      }
    },
    {
      "type": "属性错误",
      "file_path": "\\Users\\catai\\AppData\\Local\\Programs\\Python\\Python312\\Lib\\pkgutil.py",
      "line_number": 528,
      "message": "AttributeError:",
      "details": {
        "context": "C:\\Users\\catai\\AppData\\Local\\Programs\\Python\\Python312\\Lib\\pkgutil.py:528: in resolve_name\n    result = getattr(result, p)\n             ^^^^^^^^^^^^^^^^^^\nE   AttributeError: module 'apps.backend.src.core_ai.memory' has no attribute 'ham_memory_manager'\n_ ERROR at setup of TestTrainingDataManagementIntegration.test_training_data_pipeline_integration _\nC:\\Users\\catai\\AppData\\Local\\Programs\\Python\\Python312\\Lib\\site-packages\\pytest_asyncio\\plugin.py:463: in setup\n    return super().setup()",
        "full_match": "AttributeError:"
      }
    },
    {
      "type": "属性错误",
      "file_path": "\\Users\\catai\\AppData\\Local\\Programs\\Python\\Python312\\Lib\\pkgutil.py",
      "line_number": 528,
      "message": "AttributeError:",
      "details": {
        "context": "C:\\Users\\catai\\AppData\\Local\\Programs\\Python\\Python312\\Lib\\pkgutil.py:528: in resolve_name\n    result = getattr(result, p)\n             ^^^^^^^^^^^^^^^^^^\nE   AttributeError: module 'apps.backend.src.core_ai.memory' has no attribute 'ham_memory_manager'\n================================== FAILURES ===================================\n____ TestTrainingWorkflowE2E.test_memory_integration_in_training_workflow _____\nD:\\Projects\\Unified-AI-Project\\apps\\backend\\tests\\e2e\\test_training_workflow.py:86: in test_memory_integration_in_training_workflow",
        "full_match": "AttributeError:"
      }
    },
    {
      "type": "属性错误",
      "file_path": "\\Users\\catai\\AppData\\Local\\Programs\\Python\\Python312\\Lib\\pkgutil.py",
      "line_number": 528,
      "message": "AttributeError:",
      "details": {
        "context": "C:\\Users\\catai\\AppData\\Local\\Programs\\Python\\Python312\\Lib\\pkgutil.py:528: in resolve_name\n    result = getattr(result, p)\n             ^^^^^^^^^^^^^^^^^^\nE   AttributeError: module 'apps.backend.src.core_ai.memory' has no attribute 'ham_memory_manager'\n----------------------------- Captured log setup ------------------------------\nWARNING  apps.backend.src.core_ai.demo_learning_manager:demo_learning_manager.py:100 配置文件不存在: configs\\demo_credentials.yaml\n_______ TestMultiSystemIntegrationE2E.test_complete_ai_system_workflow ________",
        "full_match": "AttributeError:"
      }
    },
    {
      "type": "属性错误",
      "file_path": "\\Users\\catai\\AppData\\Local\\Programs\\Python\\Python312\\Lib\\pkgutil.py",
      "line_number": 528,
      "message": "AttributeError:",
      "details": {
        "context": "C:\\Users\\catai\\AppData\\Local\\Programs\\Python\\Python312\\Lib\\pkgutil.py:528: in resolve_name\n    result = getattr(result, p)\n             ^^^^^^^^^^^^^^^^^^\nE   AttributeError: module 'apps.backend.src.core_ai.memory' has no attribute 'ham_memory_manager'\n___________________ test_full_project_flow_with_real_agent ____________________\nD:\\Projects\\Unified-AI-Project\\apps\\backend\\tests\\integration\\test_end_to_end_project_flow.py:339: in test_full_project_flow_with_real_agent\n    assert \"The result is: 15\" in final_response",
        "full_match": "AttributeError:"
      }
    },
    {
      "type": "属性错误",
      "file_path": "\\Users\\catai\\AppData\\Local\\Programs\\Python\\Python312\\Lib\\pkgutil.py",
      "line_number": 528,
      "message": "AttributeError:",
      "details": {
        "context": "C:\\Users\\catai\\AppData\\Local\\Programs\\Python\\Python312\\Lib\\pkgutil.py:528: in resolve_name\n    result = getattr(result, p)\n             ^^^^^^^^^^^^^^^^^^\nE   AttributeError: module 'apps.backend.src.core_ai.memory' has no attribute 'ham_memory_manager'\n_________ TestExampleIntegration.test_end_to_end_workflow_integration _________\nD:\\Projects\\Unified-AI-Project\\apps\\backend\\tests\\integration\\test_example_integration.py:98: in test_end_to_end_workflow_integration\n    patch('apps.backend.src.core_ai.memory.ham_memory_manager.HAMMemoryManager') as mock_memory_manager:",
        "full_match": "AttributeError:"
      }
    },
    {
      "type": "属性错误",
      "file_path": "\\Users\\catai\\AppData\\Local\\Programs\\Python\\Python312\\Lib\\pkgutil.py",
      "line_number": 528,
      "message": "AttributeError:",
      "details": {
        "context": "C:\\Users\\catai\\AppData\\Local\\Programs\\Python\\Python312\\Lib\\pkgutil.py:528: in resolve_name\n    result = getattr(result, p)\n             ^^^^^^^^^^^^^^^^^^\nE   AttributeError: module 'apps.backend.src.core_ai.memory' has no attribute 'ham_memory_manager'\n_______ TestMemorySystemIntegration.test_memory_storage_retrieval_flow ________\nD:\\Projects\\Unified-AI-Project\\apps\\backend\\tests\\integration\\test_hsp_integration.py:215: in test_memory_storage_retrieval_flow\n    with patch('apps.backend.src.core_ai.memory.ham_memory_manager.HAMMemoryManager') as mock_manager:",
        "full_match": "AttributeError:"
      }
    },
    {
      "type": "属性错误",
      "file_path": "\\Users\\catai\\AppData\\Local\\Programs\\Python\\Python312\\Lib\\pkgutil.py",
      "line_number": 528,
      "message": "AttributeError:",
      "details": {
        "context": "C:\\Users\\catai\\AppData\\Local\\Programs\\Python\\Python312\\Lib\\pkgutil.py:528: in resolve_name\n    result = getattr(result, p)\n             ^^^^^^^^^^^^^^^^^^\nE   AttributeError: module 'apps.backend.src.core_ai.memory' has no attribute 'ham_memory_manager'\n___________ TestPerformanceBenchmark.test_memory_store_performance ____________\nD:\\Projects\\Unified-AI-Project\\apps\\backend\\tests\\integration\\test_performance_benchmark.py:32: in test_memory_store_performance\n    with patch('apps.backend.src.core_ai.memory.ham_memory_manager.HAMMemoryManager') as mock_memory_manager:",
        "full_match": "AttributeError:"
      }
    },
    {
      "type": "属性错误",
      "file_path": "\\Users\\catai\\AppData\\Local\\Programs\\Python\\Python312\\Lib\\pkgutil.py",
      "line_number": 528,
      "message": "AttributeError:",
      "details": {
        "context": "C:\\Users\\catai\\AppData\\Local\\Programs\\Python\\Python312\\Lib\\pkgutil.py:528: in resolve_name\n    result = getattr(result, p)\n             ^^^^^^^^^^^^^^^^^^\nE   AttributeError: module 'apps.backend.src.core_ai.memory' has no attribute 'ham_memory_manager'\n_________ TestPerformanceBenchmark.test_memory_retrieval_performance __________\nD:\\Projects\\Unified-AI-Project\\apps\\backend\\tests\\integration\\test_performance_benchmark.py:77: in test_memory_retrieval_performance\n    with patch('apps.backend.src.core_ai.memory.ham_memory_manager.HAMMemoryManager') as mock_memory_manager:",
        "full_match": "AttributeError:"
      }
    },
    {
      "type": "属性错误",
      "file_path": "\\Users\\catai\\AppData\\Local\\Programs\\Python\\Python312\\Lib\\pkgutil.py",
      "line_number": 528,
      "message": "AttributeError:",
      "details": {
        "context": "C:\\Users\\catai\\AppData\\Local\\Programs\\Python\\Python312\\Lib\\pkgutil.py:528: in resolve_name\n    result = getattr(result, p)\n             ^^^^^^^^^^^^^^^^^^\nE   AttributeError: module 'apps.backend.src.core_ai.memory' has no attribute 'ham_memory_manager'\n__________________ TestCoreServices.test_initialize_services __________________\nD:\\Projects\\Unified-AI-Project\\apps\\backend\\tests\\test_core_services.py:58: in test_initialize_services\n    asyncio.run(run_test())",
        "full_match": "AttributeError:"
      }
    },
    {
      "type": "连接错误",
      "file_path": null,
      "line_number": null,
      "message": "connection",
      "details": {
        "context": "tests/integration/test_hsp_integration.py::TestHSPIntegration::test_agent_communication_flow PASSED [ 49%]\ntests/integration/test_hsp_integration.py::TestMemorySystemIntegration::test_memory_storage_retrieval_flow FAILED [ 50%]\ntests/integration/test_hsp_integration.py::TestAgentSystemIntegration::test_agent_lifecycle_flow PASSED [ 50%]\ntests/integration/test_hsp_protocol_integration.py::TestHSPProtocolIntegration::test_hsp_connection_integration ERROR [ 50%]\ntests/integration/test_hsp_protocol_integration.py::TestHSPProtocolIntegration::test_hsp_message_publish_subscribe_integration ERROR [ 50%]\ntests/integration/test_hsp_protocol_integration.py::TestHSPProtocolIntegration::test_hsp_agent_communication_integration ERROR [ 50%]\ntests/integration/test_hsp_protocol_integration.py::TestHSPMessageRoutingIntegration::test_hsp_message_routing_integration ERROR [ 50%]",
        "full_match": "connection"
      }
    },
    {
      "type": "连接错误",
      "file_path": null,
      "line_number": null,
      "message": "connection",
      "details": {
        "context": "tests/integrations/test_rovo_dev_connector.py::TestEnhancedRovoDevConnector::test_make_request_success PASSED [ 64%]\ntests/integrations/test_rovo_dev_connector.py::TestEnhancedRovoDevConnector::test_make_request_error PASSED [ 64%]\ntests/integrations/test_rovo_dev_connector.py::TestEnhancedRovoDevConnector::test_caching_mechanism PASSED [ 64%]\ntests/integrations/test_rovo_dev_connector.py::TestEnhancedRovoDevConnector::test_connection_testing PASSED [ 64%]\ntests/integrations/test_rovo_dev_connector.py::TestEnhancedRovoDevConnector::test_connection_testing_with_failures PASSED [ 64%]\ntests/integrations/test_rovo_dev_connector.py::TestEnhancedRovoDevConnector::test_user_info_with_caching PASSED [ 65%]\ntests/mcp/test_context7_connector.py::TestContext7Config::test_config_creation PASSED [ 65%]",
        "full_match": "connection"
      }
    },
    {
      "type": "连接错误",
      "file_path": null,
      "line_number": null,
      "message": "connection",
      "details": {
        "context": "tests/integrations/test_rovo_dev_connector.py::TestEnhancedRovoDevConnector::test_make_request_error PASSED [ 64%]\ntests/integrations/test_rovo_dev_connector.py::TestEnhancedRovoDevConnector::test_caching_mechanism PASSED [ 64%]\ntests/integrations/test_rovo_dev_connector.py::TestEnhancedRovoDevConnector::test_connection_testing PASSED [ 64%]\ntests/integrations/test_rovo_dev_connector.py::TestEnhancedRovoDevConnector::test_connection_testing_with_failures PASSED [ 64%]\ntests/integrations/test_rovo_dev_connector.py::TestEnhancedRovoDevConnector::test_user_info_with_caching PASSED [ 65%]\ntests/mcp/test_context7_connector.py::TestContext7Config::test_config_creation PASSED [ 65%]\ntests/mcp/test_context7_connector.py::TestContext7Config::test_config_defaults PASSED [ 65%]",
        "full_match": "connection"
      }
    },
    {
      "type": "连接错误",
      "file_path": null,
      "line_number": null,
      "message": "connection",
      "details": {
        "context": "tests/mcp/test_context7_connector.py::TestContext7MCPConnector::test_request_context PASSED [ 66%]\ntests/mcp/test_context7_connector.py::TestContext7MCPConnector::test_collaborate_with_model PASSED [ 66%]\ntests/mcp/test_context7_connector.py::TestContext7MCPConnector::test_compress_context PASSED [ 66%]\ntests/mcp/test_context7_connector.py::TestContext7MCPConnector::test_connection_required_error PASSED [ 66%]\ntests/mcp/test_context7_connector.py::TestContext7MCPConnector::test_capabilities_discovery PASSED [ 66%]\ntests/mcp/test_context7_connector.py::TestContext7MCPConnector::test_unhandled_message_type PASSED [ 66%]\ntests/mcp/test_context7_connector.py::TestUnifiedAIMCPIntegration::test_dialogue_manager_integration PASSED [ 66%]",
        "full_match": "connection"
      }
    },
    {
      "type": "连接错误",
      "file_path": "packages\\pytest_asyncio\\plugin.py",
      "line_number": 463,
      "message": "connection",
      "details": {
        "context": "    result = getattr(result, p)\n             ^^^^^^^^^^^^^^^^^^\nE   AttributeError: module 'apps.backend.src.core_ai.memory' has no attribute 'ham_memory_manager'\n_ ERROR at setup of TestHSPProtocolIntegration.test_hsp_connection_integration _\nC:\\Users\\catai\\AppData\\Local\\Programs\\Python\\Python312\\Lib\\site-packages\\pytest_asyncio\\plugin.py:463: in setup\n    return super().setup()\n           ^^^^^^^^^^^^^^^",
        "full_match": "connection"
      }
    },
    {
      "type": "连接错误",
      "file_path": null,
      "line_number": null,
      "message": "connection",
      "details": {
        "context": "ERROR tests/integration/test_core_services_integration.py::TestCoreServicesIntegration::test_service_lifecycle_integration\nERROR tests/integration/test_core_services_integration.py::TestMultiServiceCoordinationIntegration::test_multi_service_coordination_integration\nERROR tests/integration/test_core_services_integration.py::TestServiceFailureRecoveryIntegration::test_service_failure_recovery_integration\nERROR tests/integration/test_hsp_protocol_integration.py::TestHSPProtocolIntegration::test_hsp_connection_integration\nERROR tests/integration/test_hsp_protocol_integration.py::TestHSPProtocolIntegration::test_hsp_message_publish_subscribe_integration\nERROR tests/integration/test_hsp_protocol_integration.py::TestHSPProtocolIntegration::test_hsp_agent_communication_integration\nERROR tests/integration/test_hsp_protocol_integration.py::TestHSPMessageRoutingIntegration::test_hsp_message_routing_integration",
        "full_match": "connection"
      }
    }
  ]
}