@echo off
chcp 65001 >nul 2>&1
setlocal enabledelayedexpansion
title Unified AI Project - Test Fixes Runner
color 0C

:: Add error handling and logging (æ·»åŠ éŒ¯èª¤è™•ç†å’Œæ—¥å¿—è¨˜éŒ„)
set "LOG_FILE=%~dp0run-test-fixes-errors.log"
set "SCRIPT_NAME=run-test-fixes.bat"

:: Log script start (è¨˜éŒ„è…³æœ¬å•Ÿå‹•)
echo [%date% %time%] Script started: %SCRIPT_NAME% >> "%LOG_FILE%" 2>nul

echo ==========================================
echo   Unified AI Project - Test Fixes Runner
echo ==========================================
echo.
echo This script runs test fixes and updates for the backend. (æ­¤è…³æœ¬é‹è¡Œå¾Œç«¯çš„æ¸¬è©¦ä¿®å¾©å’Œæ›´æ–°)
echo.
echo Process: (éŽç¨‹)
echo 1. ðŸ› ï¸  Apply test fixes (æ‡‰ç”¨æ¸¬è©¦ä¿®å¾©)
echo 2. ðŸ”„ Update test configurations (æ›´æ–°æ¸¬è©¦é…ç½®)
echo 3. ðŸ“¦ Install test dependencies (å®‰è£æ¸¬è©¦ä¾è³´)
echo 4. âœ… Verify fixes (é©—è­‰ä¿®å¾©)
echo.

:: Confirm action (ç¢ºèªæ“ä½œ)
echo [CONFIRM] Are you sure you want to run test fixes? (æ‚¨ç¢ºå®šè¦é‹è¡Œæ¸¬è©¦ä¿®å¾©å—Ž?)
echo.

:: ä½¿ç”¨ set /p æ›¿ä»£ choice å‘½ä»¤
:get_user_choice
set "user_choice="
set /p "user_choice=Continue with test fixes (y/N)? "
if not defined user_choice (
    set "user_choice=N"
)

:: éªŒè¯ç”¨æˆ·è¾“å…¥
if /i "%user_choice%"=="Y" (
    goto continue_fix
) else if /i "%user_choice%"=="N" (
    echo [INFO] Operation cancelled by user (æ“ä½œè¢«ç”¨æˆ¶å–æ¶ˆ)
    echo [%date% %time%] Operation cancelled by user >> "%LOG_FILE%" 2>nul
    echo Press any key to exit...
    pause >nul
    exit /b 0
) else (
    echo [ERROR] Invalid choice '%user_choice%'. Please enter 'Y' or 'N'.
    echo [%date% %time%] Invalid choice: %user_choice% >> "%LOG_FILE%" 2>nul
    goto get_user_choice
)

:continue_fix

:: Activate virtual environment (æ¿€æ´»è™›æ“¬ç’°å¢ƒ)
echo.
echo [STEP 1/4] Activating virtual environment... (æ¿€æ´»è™›æ“¬ç’°å¢ƒ)
echo [%date% %time%] Activating virtual environment >> "%LOG_FILE%" 2>nul

call venv\Scripts\activate.bat >nul 2>&1
if errorlevel 1 (
    echo [ERROR] Failed to activate virtual environment (ç„¡æ³•æ¿€æ´»è™›æ“¬ç’°å¢ƒ)
    echo [%date% %time%] Failed to activate virtual environment >> "%LOG_FILE%" 2>nul
    echo Press any key to exit...
    pause >nul
    exit /b 1
)

:: Apply test fixes (æ‡‰ç”¨æ¸¬è©¦ä¿®å¾©)
echo.
echo [STEP 2/4] Applying test fixes... (æ‡‰ç”¨æ¸¬è©¦ä¿®å¾©)
echo [%date% %time%] Applying test fixes >> "%LOG_FILE%" 2>nul

:: Check for test fix scripts (æª¢æŸ¥æ¸¬è©¦ä¿®å¾©è…³æœ¬)
if exist "..\..\tools\scripts\apply_test_fixes.py" (
    echo [INFO] Running test fix script... (é‹è¡Œæ¸¬è©¦ä¿®å¾©è…³æœ¬)
    python ..\..\tools\scripts\apply_test_fixes.py > test_fixes.log 2>&1
    if errorlevel 1 (
        echo [ERROR] Test fix script failed (æ¸¬è©¦ä¿®å¾©è…³æœ¬å¤±æ•—)
        echo [INFO] Check test_fixes.log for details (æª¢æŸ¥test_fixes.logç²å–è©³ç´°ä¿¡æ¯)
        echo [%date% %time%] Test fix script failed >> "%LOG_FILE%" 2>nul
    ) else (
        echo [OK] Test fixes applied successfully (æ¸¬è©¦ä¿®å¾©æˆåŠŸæ‡‰ç”¨)
        echo [%date% %time%] Test fixes applied successfully >> "%LOG_FILE%" 2>nul
    )
) else (
    echo [INFO] No test fix script found (æœªæ‰¾åˆ°æ¸¬è©¦ä¿®å¾©è…³æœ¬)
)

:: Update test configurations (æ›´æ–°æ¸¬è©¦é…ç½®)
echo.
echo [STEP 3/4] Updating test configurations... (æ›´æ–°æ¸¬è©¦é…ç½®)
echo [%date% %time%] Updating test configurations >> "%LOG_FILE%" 2>nul

:: Check for test config files (æª¢æŸ¥æ¸¬è©¦é…ç½®æ–‡ä»¶)
if exist "tests\test_config.yaml" (
    echo [INFO] Backing up test configuration... (å‚™ä»½æ¸¬è©¦é…ç½®)
    copy "tests\test_config.yaml" "tests\test_config.yaml.bak" >nul 2>&1
    echo [OK] Test configuration backed up (æ¸¬è©¦é…ç½®å·²å‚™ä»½)
) else (
    echo [INFO] No existing test configuration found (æœªæ‰¾åˆ°ç¾æœ‰çš„æ¸¬è©¦é…ç½®)
)

:: Create or update test configuration (å‰µå»ºæˆ–æ›´æ–°æ¸¬è©¦é…ç½®)
echo [INFO] Creating/updating test configuration... (å‰µå»º/æ›´æ–°æ¸¬è©¦é…ç½®)
echo # Test Configuration > tests\test_config.yaml
echo test_timeout: 30 >> tests\test_config.yaml
echo max_workers: 4 >> tests\test_config.yaml
echo debug_mode: false >> tests\test_config.yaml
echo log_level: "INFO" >> tests\test_config.yaml
echo database_url: "sqlite:///./test.db" >> tests\test_config.yaml
echo api_base_url: "http://localhost:8000" >> tests\test_config.yaml
echo. >> tests\test_config.yaml
echo [OK] Test configuration updated (æ¸¬è©¦é…ç½®å·²æ›´æ–°)

:: Install test dependencies (å®‰è£æ¸¬è©¦ä¾è³´)
echo.
echo [STEP 4/4] Installing test dependencies... (å®‰è£æ¸¬è©¦ä¾è³´)
echo [%date% %time%] Installing test dependencies >> "%LOG_FILE%" 2>nul

:: Check if requirements-test.txt exists (æª¢æŸ¥requirements-test.txtæ˜¯å¦å­˜åœ¨)
if exist "requirements-test.txt" (
    echo [INFO] Installing test-specific dependencies... (å®‰è£ç‰¹å®šæ–¼æ¸¬è©¦çš„ä¾è³´)
    pip install -r requirements-test.txt > test_deps_install.log 2>&1
    if errorlevel 1 (
        echo [WARNING] Failed to install test dependencies (ç„¡æ³•å®‰è£æ¸¬è©¦ä¾è³´)
        echo [INFO] Check test_deps_install.log for details (æª¢æŸ¥test_deps_install.logç²å–è©³ç´°ä¿¡æ¯)
    ) else (
        echo [OK] Test dependencies installed (æ¸¬è©¦ä¾è³´å·²å®‰è£)
    )
) else (
    echo [INFO] No test-specific requirements file found (æœªæ‰¾åˆ°ç‰¹å®šæ–¼æ¸¬è©¦çš„requirementsæ–‡ä»¶)
)

:: Verify fixes (é©—è­‰ä¿®å¾©)
echo.
echo [VERIFICATION] Verifying test fixes... (é©—è­‰æ¸¬è©¦ä¿®å¾©)
echo [%date% %time%] Verifying test fixes >> "%LOG_FILE%" 2>nul

:: Run a quick test to verify fixes (é‹è¡Œå¿«é€Ÿæ¸¬è©¦ä»¥é©—è­‰ä¿®å¾©)
python -c "import pytest; print('pytest available')" > verify_test.log 2>&1
if errorlevel 1 (
    echo [WARNING] pytest not available after fixes (ä¿®å¾©å¾Œpytestä¸å¯ç”¨)
) else (
    echo [OK] pytest available (pytestå¯ç”¨)
)

python -c "import unittest; print('unittest available')" >> verify_test.log 2>&1
if errorlevel 1 (
    echo [WARNING] unittest not available after fixes (ä¿®å¾©å¾Œunittestä¸å¯ç”¨)
) else (
    echo [OK] unittest available (unittestå¯ç”¨)
)

echo.
echo [SUCCESS] Test fixes completed! (æ¸¬è©¦ä¿®å¾©å®Œæˆ!)
echo [%date% %time%] Test fixes completed >> "%LOG_FILE%" 2>nul
echo.
echo Summary: (æ‘˜è¦)
echo ðŸ› ï¸  Test fixes applied (æ¸¬è©¦ä¿®å¾©å·²æ‡‰ç”¨)
echo ðŸ”„ Test configuration updated (æ¸¬è©¦é…ç½®å·²æ›´æ–°)
echo ðŸ“¦ Test dependencies installed (æ¸¬è©¦ä¾è³´å·²å®‰è£)
echo âœ… Fixes verified (ä¿®å¾©å·²é©—è­‰)
echo.
echo Next steps: (ä¸‹ä¸€æ­¥)
echo 1. Run run-component-tests.bat to verify fixes (é‹è¡Œrun-component-tests.baté©—è­‰ä¿®å¾©)
echo 2. Run run-tests.bat to run full test suite (é‹è¡Œrun-tests.baté‹è¡Œå®Œæ•´æ¸¬è©¦å¥—ä»¶)
echo.

:end_script
echo.
echo Press any key to exit...
pause >nul
exit /b 0