測試執行時間: 2025-07-18 22:45:38
命令: C:\Users\catai\AppData\Local\Programs\Python\Python312\python.exe -m pytest tests/core_ai/memory/test_ham_memory_manager.py -v --timeout=10 --timeout_method=thread -s
================================================================================

============================= test session starts =============================
platform win32 -- Python 3.12.10, pytest-8.4.1, pluggy-1.6.0 -- C:\Users\catai\AppData\Local\Programs\Python\Python312\python.exe
cachedir: .pytest_cache
rootdir: D:\Projects\Unified-AI-Project
configfile: pyproject.toml
plugins: anyio-4.9.0, langsmith-0.4.5, asyncio-1.0.0, cov-6.2.1, timeout-2.4.0
asyncio: mode=Mode.AUTO, asyncio_default_fixture_loop_scope=None, asyncio_default_test_loop_scope=function
timeout: 10.0s
timeout method: thread
timeout func_only: False
collecting ... common_types.py (debug version) is being imported and defining ServiceStatus...
common_types.py (debug version) finished definitions.
ResourceAwarenessService module loaded.
collected 21 items

tests/core_ai/memory/test_ham_memory_manager.py::test_01_initialization_and_empty_store CRITICAL WARNING: MIKO_HAM_KEY environment variable not set.
Encryption/Decryption will NOT be functional. Generating a TEMPORARY, NON-PERSISTENT key for this session only.
DO NOT use this for any real data you want to keep, as it will be lost.
Temporary MIKO_HAM_KEY for this session: vTvHpV4TBflxdUs_3AviX7ZASGMFqDmbCy47yn1vhEA=
Core memory loaded from D:\Projects\Unified-AI-Project\data\processed_data\test_ham_core_memory.json. Next ID: 6
HAMMemoryManager initialized. Core memory file: D:\Projects\Unified-AI-Project\data\processed_data\test_ham_core_memory.json. Encryption enabled: True
CRITICAL WARNING: MIKO_HAM_KEY environment variable not set.
Encryption/Decryption will NOT be functional. Generating a TEMPORARY, NON-PERSISTENT key for this session only.
DO NOT use this for any real data you want to keep, as it will be lost.
Temporary MIKO_HAM_KEY for this session: qPOGyMkajkmVnDxXdYul0hUfxOM7inXcpE6A5s31y18=
Core memory file not found. Initializing an empty store and saving.
HAMMemoryManager initialized. Core memory file: D:\Projects\Unified-AI-Project\data\processed_data\test_ham_core_memory.json. Encryption enabled: True
CRITICAL WARNING: MIKO_HAM_KEY environment variable not set.
Encryption/Decryption will NOT be functional. Generating a TEMPORARY, NON-PERSISTENT key for this session only.
DO NOT use this for any real data you want to keep, as it will be lost.
Temporary MIKO_HAM_KEY for this session: XVEOZwP-GIREm3KdQt_w1tRJcioEA4J9sTh8Ts9NOMs=
Core memory loaded from D:\Projects\Unified-AI-Project\data\processed_data\test_ham_res_aware_memory.json. Next ID: 1
HAMMemoryManager initialized. Core memory file: D:\Projects\Unified-AI-Project\data\processed_data\test_ham_res_aware_memory.json. Encryption enabled: True
CRITICAL WARNING: MIKO_HAM_KEY environment variable not set.
Encryption/Decryption will NOT be functional. Generating a TEMPORARY, NON-PERSISTENT key for this session only.
DO NOT use this for any real data you want to keep, as it will be lost.
Temporary MIKO_HAM_KEY for this session: ABdrQSk4nx5oKTZOEli5MeH4W7H-GwGLdoNUmXYb4fo=
Core memory file not found. Initializing an empty store and saving.
HAMMemoryManager initialized. Core memory file: D:\Projects\Unified-AI-Project\data\processed_data\test_ham_res_aware_memory.json. Encryption enabled: True

Running test_01_initialization_and_empty_store...
test_01_initialization_and_empty_store PASSED
PASSED
tests/core_ai/memory/test_ham_memory_manager.py::test_02_store_and_recall_text_experience CRITICAL WARNING: MIKO_HAM_KEY environment variable not set.
Encryption/Decryption will NOT be functional. Generating a TEMPORARY, NON-PERSISTENT key for this session only.
DO NOT use this for any real data you want to keep, as it will be lost.
Temporary MIKO_HAM_KEY for this session: tw4IETNZEBaTGozFEJTKc5DUTsMGljQzTnuyUIZvclo=
Core memory file not found. Initializing an empty store and saving.
HAMMemoryManager initialized. Core memory file: D:\Projects\Unified-AI-Project\data\processed_data\test_ham_core_memory.json. Encryption enabled: True
CRITICAL WARNING: MIKO_HAM_KEY environment variable not set.
Encryption/Decryption will NOT be functional. Generating a TEMPORARY, NON-PERSISTENT key for this session only.
DO NOT use this for any real data you want to keep, as it will be lost.
Temporary MIKO_HAM_KEY for this session: IwZO4SKrVOWm-iFn8W6Mm7DLxMZ6fkHr-EAbgplvClc=
Core memory file not found. Initializing an empty store and saving.
HAMMemoryManager initialized. Core memory file: D:\Projects\Unified-AI-Project\data\processed_data\test_ham_core_memory.json. Encryption enabled: True
CRITICAL WARNING: MIKO_HAM_KEY environment variable not set.
Encryption/Decryption will NOT be functional. Generating a TEMPORARY, NON-PERSISTENT key for this session only.
DO NOT use this for any real data you want to keep, as it will be lost.
Temporary MIKO_HAM_KEY for this session: zba_iliA_U5kevUsUBt6YvsFIdv2Y07uYWxrry2IxuI=
Core memory file not found. Initializing an empty store and saving.
HAMMemoryManager initialized. Core memory file: D:\Projects\Unified-AI-Project\data\processed_data\test_ham_res_aware_memory.json. Encryption enabled: True
CRITICAL WARNING: MIKO_HAM_KEY environment variable not set.
Encryption/Decryption will NOT be functional. Generating a TEMPORARY, NON-PERSISTENT key for this session only.
DO NOT use this for any real data you want to keep, as it will be lost.
Temporary MIKO_HAM_KEY for this session: PFzrkL0RGjLetrNf6MqQddLUzoMVYJySz6aqTgYve90=
Core memory file not found. Initializing an empty store and saving.
HAMMemoryManager initialized. Core memory file: D:\Projects\Unified-AI-Project\data\processed_data\test_ham_res_aware_memory.json. Encryption enabled: True

Running test_02_store_and_recall_text_experience...
HAM: Storing experience of type 'dialogue_text'
HAM: Placeholder: Detected English-like text, conceptual POS tags would be generated.
HAM: Stored experience mem_000001
HAM: Recalling gist for memory_id 'mem_000001'
test_02_store_and_recall_text_experience PASSED
PASSED
tests/core_ai/memory/test_ham_memory_manager.py::test_03_store_and_recall_generic_data CRITICAL WARNING: MIKO_HAM_KEY environment variable not set.
Encryption/Decryption will NOT be functional. Generating a TEMPORARY, NON-PERSISTENT key for this session only.
DO NOT use this for any real data you want to keep, as it will be lost.
Temporary MIKO_HAM_KEY for this session: atIk3ZJeLPvThlE9Sf7AUgpruIMrnQHoV0aRJMfcxP0=
Core memory file not found. Initializing an empty store and saving.
HAMMemoryManager initialized. Core memory file: D:\Projects\Unified-AI-Project\data\processed_data\test_ham_core_memory.json. Encryption enabled: True
CRITICAL WARNING: MIKO_HAM_KEY environment variable not set.
Encryption/Decryption will NOT be functional. Generating a TEMPORARY, NON-PERSISTENT key for this session only.
DO NOT use this for any real data you want to keep, as it will be lost.
Temporary MIKO_HAM_KEY for this session: Iu2KjwjTnXPvCk49yBkxprXIeLran2Dhns1bkdkQ3Sk=
Core memory file not found. Initializing an empty store and saving.
HAMMemoryManager initialized. Core memory file: D:\Projects\Unified-AI-Project\data\processed_data\test_ham_core_memory.json. Encryption enabled: True
CRITICAL WARNING: MIKO_HAM_KEY environment variable not set.
Encryption/Decryption will NOT be functional. Generating a TEMPORARY, NON-PERSISTENT key for this session only.
DO NOT use this for any real data you want to keep, as it will be lost.
Temporary MIKO_HAM_KEY for this session: eDeq4Dq8J6CI3TfGA7uOEYP7VFepPUFwvPb-lxsSh00=
Core memory file not found. Initializing an empty store and saving.
HAMMemoryManager initialized. Core memory file: D:\Projects\Unified-AI-Project\data\processed_data\test_ham_res_aware_memory.json. Encryption enabled: True
CRITICAL WARNING: MIKO_HAM_KEY environment variable not set.
Encryption/Decryption will NOT be functional. Generating a TEMPORARY, NON-PERSISTENT key for this session only.
DO NOT use this for any real data you want to keep, as it will be lost.
Temporary MIKO_HAM_KEY for this session: Auc8sCjOQrEdq3NRJcYwNdvMt_rcmmT1-rtPQ6a-Yko=
Core memory file not found. Initializing an empty store and saving.
HAMMemoryManager initialized. Core memory file: D:\Projects\Unified-AI-Project\data\processed_data\test_ham_res_aware_memory.json. Encryption enabled: True

Running test_03_store_and_recall_generic_data...
HAM: Storing experience of type 'sensor_reading'
HAM: Stored experience mem_000001
HAM: Recalling gist for memory_id 'mem_000001'
test_03_store_and_recall_generic_data PASSED
PASSED
tests/core_ai/memory/test_ham_memory_manager.py::test_04_persistence CRITICAL WARNING: MIKO_HAM_KEY environment variable not set.
Encryption/Decryption will NOT be functional. Generating a TEMPORARY, NON-PERSISTENT key for this session only.
DO NOT use this for any real data you want to keep, as it will be lost.
Temporary MIKO_HAM_KEY for this session: 0sdf6jGh_VftY-ZUGB65mhCwWXIDz0EaUBSicrMZInw=
Core memory file not found. Initializing an empty store and saving.
HAMMemoryManager initialized. Core memory file: D:\Projects\Unified-AI-Project\data\processed_data\test_ham_core_memory.json. Encryption enabled: True
CRITICAL WARNING: MIKO_HAM_KEY environment variable not set.
Encryption/Decryption will NOT be functional. Generating a TEMPORARY, NON-PERSISTENT key for this session only.
DO NOT use this for any real data you want to keep, as it will be lost.
Temporary MIKO_HAM_KEY for this session: P0Iy6wZEow120ofVrXY_qMEIiUFtDN-g98NEC5ngDDg=
Core memory file not found. Initializing an empty store and saving.
HAMMemoryManager initialized. Core memory file: D:\Projects\Unified-AI-Project\data\processed_data\test_ham_core_memory.json. Encryption enabled: True
CRITICAL WARNING: MIKO_HAM_KEY environment variable not set.
Encryption/Decryption will NOT be functional. Generating a TEMPORARY, NON-PERSISTENT key for this session only.
DO NOT use this for any real data you want to keep, as it will be lost.
Temporary MIKO_HAM_KEY for this session: 7sZnbpB8RXoFzRlhRtX10_yU-oPuxmIbA1yDyXsySoQ=
Core memory file not found. Initializing an empty store and saving.
HAMMemoryManager initialized. Core memory file: D:\Projects\Unified-AI-Project\data\processed_data\test_ham_res_aware_memory.json. Encryption enabled: True
CRITICAL WARNING: MIKO_HAM_KEY environment variable not set.
Encryption/Decryption will NOT be functional. Generating a TEMPORARY, NON-PERSISTENT key for this session only.
DO NOT use this for any real data you want to keep, as it will be lost.
Temporary MIKO_HAM_KEY for this session: mP0x6maicBM0sJVBbiwXXfnEdhRvtWlIqAvsPoxMuQE=
Core memory file not found. Initializing an empty store and saving.
HAMMemoryManager initialized. Core memory file: D:\Projects\Unified-AI-Project\data\processed_data\test_ham_res_aware_memory.json. Encryption enabled: True

Running test_04_persistence...
Core memory loaded from D:\Projects\Unified-AI-Project\data\processed_data\test_ham_core_memory.json. Next ID: 1
HAMMemoryManager initialized. Core memory file: D:\Projects\Unified-AI-Project\data\processed_data\test_ham_core_memory.json. Encryption enabled: True
Core memory file not found. Initializing an empty store and saving.
HAMMemoryManager initialized. Core memory file: D:\Projects\Unified-AI-Project\data\processed_data\test_ham_core_memory.json. Encryption enabled: True
HAM: Storing experience of type 'log_entry'
HAM: Stored experience mem_000001
Core memory loaded from D:\Projects\Unified-AI-Project\data\processed_data\test_ham_core_memory.json. Next ID: 2
HAMMemoryManager initialized. Core memory file: D:\Projects\Unified-AI-Project\data\processed_data\test_ham_core_memory.json. Encryption enabled: True
HAM: Recalling gist for memory_id 'mem_000001'
test_04_persistence PASSED
PASSED
tests/core_ai/memory/test_ham_memory_manager.py::test_05_recall_non_existent_memory CRITICAL WARNING: MIKO_HAM_KEY environment variable not set.
Encryption/Decryption will NOT be functional. Generating a TEMPORARY, NON-PERSISTENT key for this session only.
DO NOT use this for any real data you want to keep, as it will be lost.
Temporary MIKO_HAM_KEY for this session: pQEaAgcZcjQTwxvP9LemQZj_c1IROZ_0gIuGWQEfYtY=
Core memory file not found. Initializing an empty store and saving.
HAMMemoryManager initialized. Core memory file: D:\Projects\Unified-AI-Project\data\processed_data\test_ham_core_memory.json. Encryption enabled: True
CRITICAL WARNING: MIKO_HAM_KEY environment variable not set.
Encryption/Decryption will NOT be functional. Generating a TEMPORARY, NON-PERSISTENT key for this session only.
DO NOT use this for any real data you want to keep, as it will be lost.
Temporary MIKO_HAM_KEY for this session: _-Eb2Zd15ywehiZFYmWhaWgUYJRmXi2WWKsW3OfqVBU=
Core memory file not found. Initializing an empty store and saving.
HAMMemoryManager initialized. Core memory file: D:\Projects\Unified-AI-Project\data\processed_data\test_ham_core_memory.json. Encryption enabled: True
CRITICAL WARNING: MIKO_HAM_KEY environment variable not set.
Encryption/Decryption will NOT be functional. Generating a TEMPORARY, NON-PERSISTENT key for this session only.
DO NOT use this for any real data you want to keep, as it will be lost.
Temporary MIKO_HAM_KEY for this session: zHQWLZapuPUcUb5uNUP0pioRMUrBjyqklFm7mw4nvvQ=
Core memory file not found. Initializing an empty store and saving.
HAMMemoryManager initialized. Core memory file: D:\Projects\Unified-AI-Project\data\processed_data\test_ham_res_aware_memory.json. Encryption enabled: True
CRITICAL WARNING: MIKO_HAM_KEY environment variable not set.
Encryption/Decryption will NOT be functional. Generating a TEMPORARY, NON-PERSISTENT key for this session only.
DO NOT use this for any real data you want to keep, as it will be lost.
Temporary MIKO_HAM_KEY for this session: vzvC5Xrw05IEaug50-VaP3zZvKp3uekk5zqKrpyHq1g=
Core memory file not found. Initializing an empty store and saving.
HAMMemoryManager initialized. Core memory file: D:\Projects\Unified-AI-Project\data\processed_data\test_ham_res_aware_memory.json. Encryption enabled: True

Running test_05_recall_non_existent_memory...
HAM: Recalling gist for memory_id 'mem_nonexistent'
Error: Memory ID mem_nonexistent not found.
test_05_recall_non_existent_memory PASSED
PASSED
tests/core_ai/memory/test_ham_memory_manager.py::test_06_query_memory_keywords CRITICAL WARNING: MIKO_HAM_KEY environment variable not set.
Encryption/Decryption will NOT be functional. Generating a TEMPORARY, NON-PERSISTENT key for this session only.
DO NOT use this for any real data you want to keep, as it will be lost.
Temporary MIKO_HAM_KEY for this session: -jgm2Wyfi9ZDYOGNeJVcJz2QlxnuZ1h4KM372tRSayg=
Core memory file not found. Initializing an empty store and saving.
HAMMemoryManager initialized. Core memory file: D:\Projects\Unified-AI-Project\data\processed_data\test_ham_core_memory.json. Encryption enabled: True
CRITICAL WARNING: MIKO_HAM_KEY environment variable not set.
Encryption/Decryption will NOT be functional. Generating a TEMPORARY, NON-PERSISTENT key for this session only.
DO NOT use this for any real data you want to keep, as it will be lost.
Temporary MIKO_HAM_KEY for this session: qpfrPHSP1CyJK6iB8mpMITQPGdQPlZsF2FLV7R8l7b8=
Core memory file not found. Initializing an empty store and saving.
HAMMemoryManager initialized. Core memory file: D:\Projects\Unified-AI-Project\data\processed_data\test_ham_core_memory.json. Encryption enabled: True
CRITICAL WARNING: MIKO_HAM_KEY environment variable not set.
Encryption/Decryption will NOT be functional. Generating a TEMPORARY, NON-PERSISTENT key for this session only.
DO NOT use this for any real data you want to keep, as it will be lost.
Temporary MIKO_HAM_KEY for this session: fKLRanIyrSuRspCqjlVcIxg7kNfXxky4BFWECi0pvbU=
Core memory file not found. Initializing an empty store and saving.
HAMMemoryManager initialized. Core memory file: D:\Projects\Unified-AI-Project\data\processed_data\test_ham_res_aware_memory.json. Encryption enabled: True
CRITICAL WARNING: MIKO_HAM_KEY environment variable not set.
Encryption/Decryption will NOT be functional. Generating a TEMPORARY, NON-PERSISTENT key for this session only.
DO NOT use this for any real data you want to keep, as it will be lost.
Temporary MIKO_HAM_KEY for this session: LZfBqXrtftcY0dmtJXiGX9DGcoNBe17QbkzaeVuF5mI=
Core memory file not found. Initializing an empty store and saving.
HAMMemoryManager initialized. Core memory file: D:\Projects\Unified-AI-Project\data\processed_data\test_ham_res_aware_memory.json. Encryption enabled: True

Running test_06_query_memory_keywords...
HAM: Storing experience of type 'dialogue_text'
HAM: Placeholder: Detected English-like text, conceptual POS tags would be generated.
HAM: Stored experience mem_000001
HAM: Storing experience of type 'dialogue_text'
HAM: Placeholder: Detected English-like text, conceptual POS tags would be generated.
HAM: Stored experience mem_000002
HAM: Storing experience of type 'log_entry'
HAM: Stored experience mem_000003
HAM: Querying core memory (type: None, meta_filters: None, keywords: ['weather', 'alice'])
HAM: Recalling gist for memory_id 'mem_000001'
HAM: Query returned 1 results (limit was 5).
HAM: Querying core memory (type: None, meta_filters: None, keywords: ['weather'])
HAM: Recalling gist for memory_id 'mem_000003'
HAM: Recalling gist for memory_id 'mem_000001'
HAM: Query returned 2 results (limit was 5).
test_06_query_memory_keywords PASSED
PASSED
tests/core_ai/memory/test_ham_memory_manager.py::test_07_query_memory_data_type CRITICAL WARNING: MIKO_HAM_KEY environment variable not set.
Encryption/Decryption will NOT be functional. Generating a TEMPORARY, NON-PERSISTENT key for this session only.
DO NOT use this for any real data you want to keep, as it will be lost.
Temporary MIKO_HAM_KEY for this session: C09yiENeW9GkV4Tst11AHmY-lp-Tww25jcK9AJqf3lI=
Core memory file not found. Initializing an empty store and saving.
HAMMemoryManager initialized. Core memory file: D:\Projects\Unified-AI-Project\data\processed_data\test_ham_core_memory.json. Encryption enabled: True
CRITICAL WARNING: MIKO_HAM_KEY environment variable not set.
Encryption/Decryption will NOT be functional. Generating a TEMPORARY, NON-PERSISTENT key for this session only.
DO NOT use this for any real data you want to keep, as it will be lost.
Temporary MIKO_HAM_KEY for this session: 7espspHOonThqwxf5vHIZeOMrtbAuD8R-t8EHMZrxWs=
Core memory file not found. Initializing an empty store and saving.
HAMMemoryManager initialized. Core memory file: D:\Projects\Unified-AI-Project\data\processed_data\test_ham_core_memory.json. Encryption enabled: True
CRITICAL WARNING: MIKO_HAM_KEY environment variable not set.
Encryption/Decryption will NOT be functional. Generating a TEMPORARY, NON-PERSISTENT key for this session only.
DO NOT use this for any real data you want to keep, as it will be lost.
Temporary MIKO_HAM_KEY for this session: 9OJ7boq1iQ5g8NhcDLlyMvLepMag-7S7MNMvnF486sU=
Core memory file not found. Initializing an empty store and saving.
HAMMemoryManager initialized. Core memory file: D:\Projects\Unified-AI-Project\data\processed_data\test_ham_res_aware_memory.json. Encryption enabled: True
CRITICAL WARNING: MIKO_HAM_KEY environment variable not set.
Encryption/Decryption will NOT be functional. Generating a TEMPORARY, NON-PERSISTENT key for this session only.
DO NOT use this for any real data you want to keep, as it will be lost.
Temporary MIKO_HAM_KEY for this session: p8s-ZDaH2C7en-139YZ5ymQnbqe1hfXgkKz4GMawah0=
Core memory file not found. Initializing an empty store and saving.
HAMMemoryManager initialized. Core memory file: D:\Projects\Unified-AI-Project\data\processed_data\test_ham_res_aware_memory.json. Encryption enabled: True

Running test_07_query_memory_data_type...
HAM: Storing experience of type 'dialogue_text'
HAM: Placeholder: Detected English-like text, conceptual POS tags would be generated.
HAM: Stored experience mem_000001
HAM: Storing experience of type 'log_entry'
HAM: Stored experience mem_000002
HAM: Storing experience of type 'dialogue_text'
HAM: Placeholder: Detected English-like text, conceptual POS tags would be generated.
HAM: Stored experience mem_000003
HAM: Querying core memory (type: dialogue_text, meta_filters: None, keywords: None)
HAM: Recalling gist for memory_id 'mem_000003'
HAM: Recalling gist for memory_id 'mem_000001'
HAM: Query returned 2 results (limit was 10).
test_07_query_memory_data_type PASSED
PASSED
tests/core_ai/memory/test_ham_memory_manager.py::test_08_query_memory_date_range CRITICAL WARNING: MIKO_HAM_KEY environment variable not set.
Encryption/Decryption will NOT be functional. Generating a TEMPORARY, NON-PERSISTENT key for this session only.
DO NOT use this for any real data you want to keep, as it will be lost.
Temporary MIKO_HAM_KEY for this session: ddTmGnmhN1v7H_Peo0XgcYeEMnYEKKxuFJOqfoaehS4=
Core memory file not found. Initializing an empty store and saving.
HAMMemoryManager initialized. Core memory file: D:\Projects\Unified-AI-Project\data\processed_data\test_ham_core_memory.json. Encryption enabled: True
CRITICAL WARNING: MIKO_HAM_KEY environment variable not set.
Encryption/Decryption will NOT be functional. Generating a TEMPORARY, NON-PERSISTENT key for this session only.
DO NOT use this for any real data you want to keep, as it will be lost.
Temporary MIKO_HAM_KEY for this session: of32WIvj0CFbmAWffiAlKPoBrj9Chzcj8fOFELNhmEg=
Core memory file not found. Initializing an empty store and saving.
HAMMemoryManager initialized. Core memory file: D:\Projects\Unified-AI-Project\data\processed_data\test_ham_core_memory.json. Encryption enabled: True
CRITICAL WARNING: MIKO_HAM_KEY environment variable not set.
Encryption/Decryption will NOT be functional. Generating a TEMPORARY, NON-PERSISTENT key for this session only.
DO NOT use this for any real data you want to keep, as it will be lost.
Temporary MIKO_HAM_KEY for this session: JVvFE5AgOy2yqDWSCwJuwd-a4EQnc4dPGsLWXgtFnD0=
Core memory file not found. Initializing an empty store and saving.
HAMMemoryManager initialized. Core memory file: D:\Projects\Unified-AI-Project\data\processed_data\test_ham_res_aware_memory.json. Encryption enabled: True
CRITICAL WARNING: MIKO_HAM_KEY environment variable not set.
Encryption/Decryption will NOT be functional. Generating a TEMPORARY, NON-PERSISTENT key for this session only.
DO NOT use this for any real data you want to keep, as it will be lost.
Temporary MIKO_HAM_KEY for this session: o3sXfix5NtpNCA9g5QzIOv8MzpcO8nlgrxg80kvs2bM=
Core memory file not found. Initializing an empty store and saving.
HAMMemoryManager initialized. Core memory file: D:\Projects\Unified-AI-Project\data\processed_data\test_ham_res_aware_memory.json. Encryption enabled: True

Running test_08_query_memory_date_range...
HAM: Storing experience of type 'event'
HAM: Stored experience mem_000001
HAM: Querying core memory (type: None, meta_filters: None, keywords: None)
HAM: Recalling gist for memory_id 'mem_000001'
HAM: Query returned 1 results (limit was 5).
HAM: Querying core memory (type: None, meta_filters: None, keywords: None)
HAM: Query returned 0 results (limit was 5).
test_08_query_memory_date_range PASSED (basic check)
PASSED
tests/core_ai/memory/test_ham_memory_manager.py::test_09_empty_text_abstraction CRITICAL WARNING: MIKO_HAM_KEY environment variable not set.
Encryption/Decryption will NOT be functional. Generating a TEMPORARY, NON-PERSISTENT key for this session only.
DO NOT use this for any real data you want to keep, as it will be lost.
Temporary MIKO_HAM_KEY for this session: oaPej7ScMU4hBVcNhyFfBXgdNc1uvf2mM8shQwVzVmo=
Core memory file not found. Initializing an empty store and saving.
HAMMemoryManager initialized. Core memory file: D:\Projects\Unified-AI-Project\data\processed_data\test_ham_core_memory.json. Encryption enabled: True
CRITICAL WARNING: MIKO_HAM_KEY environment variable not set.
Encryption/Decryption will NOT be functional. Generating a TEMPORARY, NON-PERSISTENT key for this session only.
DO NOT use this for any real data you want to keep, as it will be lost.
Temporary MIKO_HAM_KEY for this session: g1sPqFvyi1aIDD_Ejf59n9Jbv158fTXqzHVkzvKVUSc=
Core memory file not found. Initializing an empty store and saving.
HAMMemoryManager initialized. Core memory file: D:\Projects\Unified-AI-Project\data\processed_data\test_ham_core_memory.json. Encryption enabled: True
CRITICAL WARNING: MIKO_HAM_KEY environment variable not set.
Encryption/Decryption will NOT be functional. Generating a TEMPORARY, NON-PERSISTENT key for this session only.
DO NOT use this for any real data you want to keep, as it will be lost.
Temporary MIKO_HAM_KEY for this session: CRvIY3YgmO3xHUC3FP2STdocgUYGzgR4Si-tKiJcCno=
Core memory file not found. Initializing an empty store and saving.
HAMMemoryManager initialized. Core memory file: D:\Projects\Unified-AI-Project\data\processed_data\test_ham_res_aware_memory.json. Encryption enabled: True
CRITICAL WARNING: MIKO_HAM_KEY environment variable not set.
Encryption/Decryption will NOT be functional. Generating a TEMPORARY, NON-PERSISTENT key for this session only.
DO NOT use this for any real data you want to keep, as it will be lost.
Temporary MIKO_HAM_KEY for this session: BwCrISEbFYgHYjDS37wHATsPKh1_rqI7ddG-9EgtJpo=
Core memory file not found. Initializing an empty store and saving.
HAMMemoryManager initialized. Core memory file: D:\Projects\Unified-AI-Project\data\processed_data\test_ham_res_aware_memory.json. Encryption enabled: True

Running test_09_empty_text_abstraction...
HAM: Storing experience of type 'dialogue_text'
HAM: Placeholder: Detected English-like text, conceptual POS tags would be generated.
HAM: Stored experience mem_000001
HAM: Recalling gist for memory_id 'mem_000001'
test_09_empty_text_abstraction PASSED
PASSED
tests/core_ai/memory/test_ham_memory_manager.py::test_10_encryption_decryption CRITICAL WARNING: MIKO_HAM_KEY environment variable not set.
Encryption/Decryption will NOT be functional. Generating a TEMPORARY, NON-PERSISTENT key for this session only.
DO NOT use this for any real data you want to keep, as it will be lost.
Temporary MIKO_HAM_KEY for this session: z0gRugUDDYO75sscphTpklqkGA397AiQylAjrLxiWbw=
Core memory file not found. Initializing an empty store and saving.
HAMMemoryManager initialized. Core memory file: D:\Projects\Unified-AI-Project\data\processed_data\test_ham_core_memory.json. Encryption enabled: True
CRITICAL WARNING: MIKO_HAM_KEY environment variable not set.
Encryption/Decryption will NOT be functional. Generating a TEMPORARY, NON-PERSISTENT key for this session only.
DO NOT use this for any real data you want to keep, as it will be lost.
Temporary MIKO_HAM_KEY for this session: J4K87wz9ZqwjBB7wYTUfIsyk6BrByMD9GmjMGeWn0yA=
Core memory file not found. Initializing an empty store and saving.
HAMMemoryManager initialized. Core memory file: D:\Projects\Unified-AI-Project\data\processed_data\test_ham_core_memory.json. Encryption enabled: True
CRITICAL WARNING: MIKO_HAM_KEY environment variable not set.
Encryption/Decryption will NOT be functional. Generating a TEMPORARY, NON-PERSISTENT key for this session only.
DO NOT use this for any real data you want to keep, as it will be lost.
Temporary MIKO_HAM_KEY for this session: 4y8JBqxN9n4eYg-hVxXxfTifn1d5M2qEVloQ3d9HIaM=
Core memory file not found. Initializing an empty store and saving.
HAMMemoryManager initialized. Core memory file: D:\Projects\Unified-AI-Project\data\processed_data\test_ham_res_aware_memory.json. Encryption enabled: True
CRITICAL WARNING: MIKO_HAM_KEY environment variable not set.
Encryption/Decryption will NOT be functional. Generating a TEMPORARY, NON-PERSISTENT key for this session only.
DO NOT use this for any real data you want to keep, as it will be lost.
Temporary MIKO_HAM_KEY for this session: QEARjivuXeBpbE4jbxgLT6Bx4IWgx8o9KGk_fGKK88s=
Core memory file not found. Initializing an empty store and saving.
HAMMemoryManager initialized. Core memory file: D:\Projects\Unified-AI-Project\data\processed_data\test_ham_res_aware_memory.json. Encryption enabled: True

Running test_10_encryption_decryption...
test_10_encryption_decryption PASSED
PASSED
tests/core_ai/memory/test_ham_memory_manager.py::test_11_checksum_verification CRITICAL WARNING: MIKO_HAM_KEY environment variable not set.
Encryption/Decryption will NOT be functional. Generating a TEMPORARY, NON-PERSISTENT key for this session only.
DO NOT use this for any real data you want to keep, as it will be lost.
Temporary MIKO_HAM_KEY for this session: TSBp1ha5CtFbBjEthjyEssallClTEA8exnUpBg9znbM=
Core memory file not found. Initializing an empty store and saving.
HAMMemoryManager initialized. Core memory file: D:\Projects\Unified-AI-Project\data\processed_data\test_ham_core_memory.json. Encryption enabled: True
CRITICAL WARNING: MIKO_HAM_KEY environment variable not set.
Encryption/Decryption will NOT be functional. Generating a TEMPORARY, NON-PERSISTENT key for this session only.
DO NOT use this for any real data you want to keep, as it will be lost.
Temporary MIKO_HAM_KEY for this session: ceDkJgkKjWOzL18l0m_R4d2tvF7y-hoPZ-wXBJ6qhJc=
Core memory file not found. Initializing an empty store and saving.
HAMMemoryManager initialized. Core memory file: D:\Projects\Unified-AI-Project\data\processed_data\test_ham_core_memory.json. Encryption enabled: True
CRITICAL WARNING: MIKO_HAM_KEY environment variable not set.
Encryption/Decryption will NOT be functional. Generating a TEMPORARY, NON-PERSISTENT key for this session only.
DO NOT use this for any real data you want to keep, as it will be lost.
Temporary MIKO_HAM_KEY for this session: UaKKJv2c8UXc3KkFmmXEC9h4thgx934EJMsfCTUv9OY=
Core memory file not found. Initializing an empty store and saving.
HAMMemoryManager initialized. Core memory file: D:\Projects\Unified-AI-Project\data\processed_data\test_ham_res_aware_memory.json. Encryption enabled: True
CRITICAL WARNING: MIKO_HAM_KEY environment variable not set.
Encryption/Decryption will NOT be functional. Generating a TEMPORARY, NON-PERSISTENT key for this session only.
DO NOT use this for any real data you want to keep, as it will be lost.
Temporary MIKO_HAM_KEY for this session: uF2XPur-beTF0DZMAdifMRVtX9sTI7kaeIgQMMTbe8s=
Core memory file not found. Initializing an empty store and saving.
HAMMemoryManager initialized. Core memory file: D:\Projects\Unified-AI-Project\data\processed_data\test_ham_res_aware_memory.json. Encryption enabled: True

Running test_11_checksum_verification...
HAM: Storing experience of type 'dialogue_text'
HAM: Placeholder: Detected English-like text, conceptual POS tags would be generated.
HAM: Stored experience mem_000001
test_11_checksum_verification PASSED (mismatch test depends on encryption state)
PASSED
tests/core_ai/memory/test_ham_memory_manager.py::test_12_advanced_text_abstraction_placeholders CRITICAL WARNING: MIKO_HAM_KEY environment variable not set.
Encryption/Decryption will NOT be functional. Generating a TEMPORARY, NON-PERSISTENT key for this session only.
DO NOT use this for any real data you want to keep, as it will be lost.
Temporary MIKO_HAM_KEY for this session: b_kH-h9hJo194oohkADenclq3MYJ8icSBt2fc2qy7ME=
Core memory file not found. Initializing an empty store and saving.
HAMMemoryManager initialized. Core memory file: D:\Projects\Unified-AI-Project\data\processed_data\test_ham_core_memory.json. Encryption enabled: True
CRITICAL WARNING: MIKO_HAM_KEY environment variable not set.
Encryption/Decryption will NOT be functional. Generating a TEMPORARY, NON-PERSISTENT key for this session only.
DO NOT use this for any real data you want to keep, as it will be lost.
Temporary MIKO_HAM_KEY for this session: J6maYfZUP_aowQBiHndC_w3E2ToKwMLuG2oF6yPQnFI=
Core memory file not found. Initializing an empty store and saving.
HAMMemoryManager initialized. Core memory file: D:\Projects\Unified-AI-Project\data\processed_data\test_ham_core_memory.json. Encryption enabled: True
CRITICAL WARNING: MIKO_HAM_KEY environment variable not set.
Encryption/Decryption will NOT be functional. Generating a TEMPORARY, NON-PERSISTENT key for this session only.
DO NOT use this for any real data you want to keep, as it will be lost.
Temporary MIKO_HAM_KEY for this session: 4ifdFhRVUoK6T02udFn2ACw5SFn2bLqPp5-nBf4oqGM=
Core memory file not found. Initializing an empty store and saving.
HAMMemoryManager initialized. Core memory file: D:\Projects\Unified-AI-Project\data\processed_data\test_ham_res_aware_memory.json. Encryption enabled: True
CRITICAL WARNING: MIKO_HAM_KEY environment variable not set.
Encryption/Decryption will NOT be functional. Generating a TEMPORARY, NON-PERSISTENT key for this session only.
DO NOT use this for any real data you want to keep, as it will be lost.
Temporary MIKO_HAM_KEY for this session: livfeI_w7xItGrozpn7P-q2m7RXWHaiat2EttkQyZfw=
Core memory file not found. Initializing an empty store and saving.
HAMMemoryManager initialized. Core memory file: D:\Projects\Unified-AI-Project\data\processed_data\test_ham_res_aware_memory.json. Encryption enabled: True

Running test_12_advanced_text_abstraction_placeholders...
HAM: Storing experience of type 'user_dialogue_text'
HAM: Placeholder: Detected English-like text, conceptual POS tags would be generated.
HAM: Stored experience mem_000001
HAM: Recalling gist for memory_id 'mem_000001'
Core memory file not found. Initializing an empty store and saving.
HAM: Storing experience of type 'user_dialogue_text'
HAM: Placeholder: Detected Chinese-like text, conceptual radicals would be extracted.
HAM: Stored experience mem_000001
HAM: Recalling gist for memory_id 'mem_000001'
test_12_advanced_text_abstraction_placeholders PASSED
PASSED
tests/core_ai/memory/test_ham_memory_manager.py::test_13_store_experience_simulated_disk_full CRITICAL WARNING: MIKO_HAM_KEY environment variable not set.
Encryption/Decryption will NOT be functional. Generating a TEMPORARY, NON-PERSISTENT key for this session only.
DO NOT use this for any real data you want to keep, as it will be lost.
Temporary MIKO_HAM_KEY for this session: lrh53UkJQzcYeoDPDxr7IkCNcaa6foQ5GSBIkf02yww=
Core memory file not found. Initializing an empty store and saving.
HAMMemoryManager initialized. Core memory file: D:\Projects\Unified-AI-Project\data\processed_data\test_ham_core_memory.json. Encryption enabled: True
CRITICAL WARNING: MIKO_HAM_KEY environment variable not set.
Encryption/Decryption will NOT be functional. Generating a TEMPORARY, NON-PERSISTENT key for this session only.
DO NOT use this for any real data you want to keep, as it will be lost.
Temporary MIKO_HAM_KEY for this session: mTzklJ2-bO8LMBcQRlpSOK8lP1XQEm4m-CR6yyNMhSk=
Core memory file not found. Initializing an empty store and saving.
HAMMemoryManager initialized. Core memory file: D:\Projects\Unified-AI-Project\data\processed_data\test_ham_core_memory.json. Encryption enabled: True
CRITICAL WARNING: MIKO_HAM_KEY environment variable not set.
Encryption/Decryption will NOT be functional. Generating a TEMPORARY, NON-PERSISTENT key for this session only.
DO NOT use this for any real data you want to keep, as it will be lost.
Temporary MIKO_HAM_KEY for this session: RcKTzPik_gOqZWRAAWXJfQg2WqnOMg-w_ojHJBECgco=
Core memory file not found. Initializing an empty store and saving.
HAMMemoryManager initialized. Core memory file: D:\Projects\Unified-AI-Project\data\processed_data\test_ham_res_aware_memory.json. Encryption enabled: True
CRITICAL WARNING: MIKO_HAM_KEY environment variable not set.
Encryption/Decryption will NOT be functional. Generating a TEMPORARY, NON-PERSISTENT key for this session only.
DO NOT use this for any real data you want to keep, as it will be lost.
Temporary MIKO_HAM_KEY for this session: yVhJVXm0-HRvtdETc8zil3Ye9uTz3ffM0rEFoiCslu4=
Core memory file not found. Initializing an empty store and saving.
HAMMemoryManager initialized. Core memory file: D:\Projects\Unified-AI-Project\data\processed_data\test_ham_res_aware_memory.json. Encryption enabled: True

Running test_13_store_experience_simulated_disk_full...
HAM: Storing experience of type 'test_data_disk_full'
HAM: CRITICAL - Simulated disk full! Usage: 1.00GB, Limit: 1.00GB. Save operation aborted.
HAM: Failed to save core memory to file for experience mem_000001. Reverting in-memory store for this item.
test_13_store_experience_simulated_disk_full PASSED
PASSED
tests/core_ai/memory/test_ham_memory_manager.py::test_14_store_experience_simulated_lag_warning CRITICAL WARNING: MIKO_HAM_KEY environment variable not set.
Encryption/Decryption will NOT be functional. Generating a TEMPORARY, NON-PERSISTENT key for this session only.
DO NOT use this for any real data you want to keep, as it will be lost.
Temporary MIKO_HAM_KEY for this session: 3_N3z4JcAqgFm8z6IfJfD38DCRWcnlOeLY0h6B3xis0=
Core memory file not found. Initializing an empty store and saving.
HAMMemoryManager initialized. Core memory file: D:\Projects\Unified-AI-Project\data\processed_data\test_ham_core_memory.json. Encryption enabled: True
CRITICAL WARNING: MIKO_HAM_KEY environment variable not set.
Encryption/Decryption will NOT be functional. Generating a TEMPORARY, NON-PERSISTENT key for this session only.
DO NOT use this for any real data you want to keep, as it will be lost.
Temporary MIKO_HAM_KEY for this session: YJPsCkbgVzPvvDKZuXS1ydMjiWLga1qNg3oxX40vHvU=
Core memory file not found. Initializing an empty store and saving.
HAMMemoryManager initialized. Core memory file: D:\Projects\Unified-AI-Project\data\processed_data\test_ham_core_memory.json. Encryption enabled: True
CRITICAL WARNING: MIKO_HAM_KEY environment variable not set.
Encryption/Decryption will NOT be functional. Generating a TEMPORARY, NON-PERSISTENT key for this session only.
DO NOT use this for any real data you want to keep, as it will be lost.
Temporary MIKO_HAM_KEY for this session: B5OTv3CGlFrdQKv_rcicZrKv3nh4pb05p1Xegigj7FA=
Core memory file not found. Initializing an empty store and saving.
HAMMemoryManager initialized. Core memory file: D:\Projects\Unified-AI-Project\data\processed_data\test_ham_res_aware_memory.json. Encryption enabled: True
CRITICAL WARNING: MIKO_HAM_KEY environment variable not set.
Encryption/Decryption will NOT be functional. Generating a TEMPORARY, NON-PERSISTENT key for this session only.
DO NOT use this for any real data you want to keep, as it will be lost.
Temporary MIKO_HAM_KEY for this session: UnpOws4-o6NVWXu312uYo28t33r7bl_6O-99HinUjVw=
Core memory file not found. Initializing an empty store and saving.
HAMMemoryManager initialized. Core memory file: D:\Projects\Unified-AI-Project\data\processed_data\test_ham_res_aware_memory.json. Encryption enabled: True

Running test_14_store_experience_simulated_lag_warning...
test_14_store_experience_simulated_lag_warning PASSED
PASSED
tests/core_ai/memory/test_ham_memory_manager.py::test_15_store_experience_simulated_lag_critical CRITICAL WARNING: MIKO_HAM_KEY environment variable not set.
Encryption/Decryption will NOT be functional. Generating a TEMPORARY, NON-PERSISTENT key for this session only.
DO NOT use this for any real data you want to keep, as it will be lost.
Temporary MIKO_HAM_KEY for this session: 60mWWDe4yk7M9JxKRoJ3-xEeBW2uwC6PnBzVLCny-xY=
Core memory file not found. Initializing an empty store and saving.
HAMMemoryManager initialized. Core memory file: D:\Projects\Unified-AI-Project\data\processed_data\test_ham_core_memory.json. Encryption enabled: True
CRITICAL WARNING: MIKO_HAM_KEY environment variable not set.
Encryption/Decryption will NOT be functional. Generating a TEMPORARY, NON-PERSISTENT key for this session only.
DO NOT use this for any real data you want to keep, as it will be lost.
Temporary MIKO_HAM_KEY for this session: eAxdZO83synl8aBLvjLmnmhcLRmgWYD1jNFeMmL3po4=
Core memory file not found. Initializing an empty store and saving.
HAMMemoryManager initialized. Core memory file: D:\Projects\Unified-AI-Project\data\processed_data\test_ham_core_memory.json. Encryption enabled: True
CRITICAL WARNING: MIKO_HAM_KEY environment variable not set.
Encryption/Decryption will NOT be functional. Generating a TEMPORARY, NON-PERSISTENT key for this session only.
DO NOT use this for any real data you want to keep, as it will be lost.
Temporary MIKO_HAM_KEY for this session: 2-i4sYD1zZpyQ4TKM9S8EN-XAobAeOHGfmjynqvntj0=
Core memory file not found. Initializing an empty store and saving.
HAMMemoryManager initialized. Core memory file: D:\Projects\Unified-AI-Project\data\processed_data\test_ham_res_aware_memory.json. Encryption enabled: True
CRITICAL WARNING: MIKO_HAM_KEY environment variable not set.
Encryption/Decryption will NOT be functional. Generating a TEMPORARY, NON-PERSISTENT key for this session only.
DO NOT use this for any real data you want to keep, as it will be lost.
Temporary MIKO_HAM_KEY for this session: CvLJMgVQ4OczJVGHZ9Q43tDEVuWNmHuIXibcbARBjv4=
Core memory file not found. Initializing an empty store and saving.
HAMMemoryManager initialized. Core memory file: D:\Projects\Unified-AI-Project\data\processed_data\test_ham_res_aware_memory.json. Encryption enabled: True

Running test_15_store_experience_simulated_lag_critical...
test_15_store_experience_simulated_lag_critical PASSED
PASSED
tests/core_ai/memory/test_ham_memory_manager.py::test_16_get_current_disk_usage_gb CRITICAL WARNING: MIKO_HAM_KEY environment variable not set.
Encryption/Decryption will NOT be functional. Generating a TEMPORARY, NON-PERSISTENT key for this session only.
DO NOT use this for any real data you want to keep, as it will be lost.
Temporary MIKO_HAM_KEY for this session: yZR6Gay7a_HmE_G3uB7dP9qNDndtZRefAbyNQIBKsUw=
Core memory file not found. Initializing an empty store and saving.
HAMMemoryManager initialized. Core memory file: D:\Projects\Unified-AI-Project\data\processed_data\test_ham_core_memory.json. Encryption enabled: True
CRITICAL WARNING: MIKO_HAM_KEY environment variable not set.
Encryption/Decryption will NOT be functional. Generating a TEMPORARY, NON-PERSISTENT key for this session only.
DO NOT use this for any real data you want to keep, as it will be lost.
Temporary MIKO_HAM_KEY for this session: VOhRSKVZ17uG8DWeRGPrDpyXXm4hs9b6i1w6AYHBlYM=
Core memory file not found. Initializing an empty store and saving.
HAMMemoryManager initialized. Core memory file: D:\Projects\Unified-AI-Project\data\processed_data\test_ham_core_memory.json. Encryption enabled: True
CRITICAL WARNING: MIKO_HAM_KEY environment variable not set.
Encryption/Decryption will NOT be functional. Generating a TEMPORARY, NON-PERSISTENT key for this session only.
DO NOT use this for any real data you want to keep, as it will be lost.
Temporary MIKO_HAM_KEY for this session: sSztGcgPnVCF-t2aUqgNfLFLM46CdjYw6_beq3bEaGc=
Core memory file not found. Initializing an empty store and saving.
HAMMemoryManager initialized. Core memory file: D:\Projects\Unified-AI-Project\data\processed_data\test_ham_res_aware_memory.json. Encryption enabled: True
CRITICAL WARNING: MIKO_HAM_KEY environment variable not set.
Encryption/Decryption will NOT be functional. Generating a TEMPORARY, NON-PERSISTENT key for this session only.
DO NOT use this for any real data you want to keep, as it will be lost.
Temporary MIKO_HAM_KEY for this session: FWRwGVz2B_CF2d7HinWp2SutTJsLYzWAN96d4_zqvlY=
Core memory file not found. Initializing an empty store and saving.
HAMMemoryManager initialized. Core memory file: D:\Projects\Unified-AI-Project\data\processed_data\test_ham_res_aware_memory.json. Encryption enabled: True

Running test_16_get_current_disk_usage_gb...
HAM: Storing experience of type 'test_file_size'
HAM: Stored experience mem_000001
test_16_get_current_disk_usage_gb PASSED
PASSED
tests/core_ai/memory/test_ham_memory_manager.py::test_17_query_core_memory_return_multiple_candidates CRITICAL WARNING: MIKO_HAM_KEY environment variable not set.
Encryption/Decryption will NOT be functional. Generating a TEMPORARY, NON-PERSISTENT key for this session only.
DO NOT use this for any real data you want to keep, as it will be lost.
Temporary MIKO_HAM_KEY for this session: 5uTpDztFXhyUr_n7KQvV2dNI3ep3LmkYFGMn_kOnNLY=
Core memory file not found. Initializing an empty store and saving.
HAMMemoryManager initialized. Core memory file: D:\Projects\Unified-AI-Project\data\processed_data\test_ham_core_memory.json. Encryption enabled: True
CRITICAL WARNING: MIKO_HAM_KEY environment variable not set.
Encryption/Decryption will NOT be functional. Generating a TEMPORARY, NON-PERSISTENT key for this session only.
DO NOT use this for any real data you want to keep, as it will be lost.
Temporary MIKO_HAM_KEY for this session: dPApfaCtucQwvnxff9soEkY27eVoG7nx6mLF51Lwg3g=
Core memory file not found. Initializing an empty store and saving.
HAMMemoryManager initialized. Core memory file: D:\Projects\Unified-AI-Project\data\processed_data\test_ham_core_memory.json. Encryption enabled: True
CRITICAL WARNING: MIKO_HAM_KEY environment variable not set.
Encryption/Decryption will NOT be functional. Generating a TEMPORARY, NON-PERSISTENT key for this session only.
DO NOT use this for any real data you want to keep, as it will be lost.
Temporary MIKO_HAM_KEY for this session: 6VhiY-6vmd404vGZIDBAOZXRdEnF0fkKSMM9eeEbAdE=
Core memory file not found. Initializing an empty store and saving.
HAMMemoryManager initialized. Core memory file: D:\Projects\Unified-AI-Project\data\processed_data\test_ham_res_aware_memory.json. Encryption enabled: True
CRITICAL WARNING: MIKO_HAM_KEY environment variable not set.
Encryption/Decryption will NOT be functional. Generating a TEMPORARY, NON-PERSISTENT key for this session only.
DO NOT use this for any real data you want to keep, as it will be lost.
Temporary MIKO_HAM_KEY for this session: a3HUEd0Y81MHENwYXmkEwhPmshq1qhU4v56pvFCZGew=
Core memory file not found. Initializing an empty store and saving.
HAMMemoryManager initialized. Core memory file: D:\Projects\Unified-AI-Project\data\processed_data\test_ham_res_aware_memory.json. Encryption enabled: True

Running test_17_query_core_memory_return_multiple_candidates...
HAM: Storing experience of type 'candidate_test'
HAM: Stored experience mem_000001
HAM: Storing experience of type 'candidate_test'
HAM: Stored experience mem_000002
HAM: Storing experience of type 'candidate_test'
HAM: Stored experience mem_000003
HAM: Storing experience of type 'candidate_test'
HAM: Stored experience mem_000004
HAM: Storing experience of type 'candidate_test'
HAM: Stored experience mem_000005
HAM: Storing experience of type 'candidate_test'
HAM: Stored experience mem_000006
HAM: Storing experience of type 'candidate_test'
HAM: Stored experience mem_000007
HAM: Storing experience of type 'candidate_test'
HAM: Stored experience mem_000008
HAM: Storing experience of type 'candidate_test'
HAM: Stored experience mem_000009
HAM: Storing experience of type 'candidate_test'
HAM: Stored experience mem_000010
HAM: Querying core memory (type: candidate_test, meta_filters: None, keywords: None)
HAM: Recalling gist for memory_id 'mem_000010'
HAM: Recalling gist for memory_id 'mem_000009'
HAM: Recalling gist for memory_id 'mem_000008'
HAM: Recalling gist for memory_id 'mem_000007'
HAM: Recalling gist for memory_id 'mem_000006'
HAM: Recalling gist for memory_id 'mem_000005'
HAM: Recalling gist for memory_id 'mem_000004'
HAM: Recalling gist for memory_id 'mem_000003'
HAM: Recalling gist for memory_id 'mem_000002'
HAM: Recalling gist for memory_id 'mem_000001'
test_17_query_core_memory_return_multiple_candidates PASSED
PASSED
tests/core_ai/memory/test_ham_memory_manager.py::test_18_encryption_failure CRITICAL WARNING: MIKO_HAM_KEY environment variable not set.
Encryption/Decryption will NOT be functional. Generating a TEMPORARY, NON-PERSISTENT key for this session only.
DO NOT use this for any real data you want to keep, as it will be lost.
Temporary MIKO_HAM_KEY for this session: zpc-mMANX5ddKH0I5HJ8EofTWFcY2JZwGFUHcjJSJ7Q=
Core memory file not found. Initializing an empty store and saving.
HAMMemoryManager initialized. Core memory file: D:\Projects\Unified-AI-Project\data\processed_data\test_ham_core_memory.json. Encryption enabled: True
CRITICAL WARNING: MIKO_HAM_KEY environment variable not set.
Encryption/Decryption will NOT be functional. Generating a TEMPORARY, NON-PERSISTENT key for this session only.
DO NOT use this for any real data you want to keep, as it will be lost.
Temporary MIKO_HAM_KEY for this session: reM6uB6X-bfL_tVIM2WquZp8SFak9qjpDEFTJR2bEZo=
Core memory file not found. Initializing an empty store and saving.
HAMMemoryManager initialized. Core memory file: D:\Projects\Unified-AI-Project\data\processed_data\test_ham_core_memory.json. Encryption enabled: True
CRITICAL WARNING: MIKO_HAM_KEY environment variable not set.
Encryption/Decryption will NOT be functional. Generating a TEMPORARY, NON-PERSISTENT key for this session only.
DO NOT use this for any real data you want to keep, as it will be lost.
Temporary MIKO_HAM_KEY for this session: m0rjGLRBcl0XnI3vJahQRz2MYh8fryI3QZ0ZraKca_o=
Core memory file not found. Initializing an empty store and saving.
HAMMemoryManager initialized. Core memory file: D:\Projects\Unified-AI-Project\data\processed_data\test_ham_res_aware_memory.json. Encryption enabled: True
CRITICAL WARNING: MIKO_HAM_KEY environment variable not set.
Encryption/Decryption will NOT be functional. Generating a TEMPORARY, NON-PERSISTENT key for this session only.
DO NOT use this for any real data you want to keep, as it will be lost.
Temporary MIKO_HAM_KEY for this session: um0pGbKFIBbw0aZz1reJm-aqn-83SlFGBGwbKdTAKZs=
Core memory file not found. Initializing an empty store and saving.
HAMMemoryManager initialized. Core memory file: D:\Projects\Unified-AI-Project\data\processed_data\test_ham_res_aware_memory.json. Encryption enabled: True

Running test_18_encryption_failure...
HAM: Storing experience of type 'test_type'
Error during SL processing (compress/encrypt/checksum): Encryption failed
FAILED
tests/core_ai/memory/test_ham_memory_manager.py::test_19_disk_full_handling CRITICAL WARNING: MIKO_HAM_KEY environment variable not set.
Encryption/Decryption will NOT be functional. Generating a TEMPORARY, NON-PERSISTENT key for this session only.
DO NOT use this for any real data you want to keep, as it will be lost.
Temporary MIKO_HAM_KEY for this session: QAuFS3A47UIcEVhNB4v9qGi9KbwdJJwUCjr_SigD1z0=
Core memory file not found. Initializing an empty store and saving.
HAMMemoryManager initialized. Core memory file: D:\Projects\Unified-AI-Project\data\processed_data\test_ham_core_memory.json. Encryption enabled: True
CRITICAL WARNING: MIKO_HAM_KEY environment variable not set.
Encryption/Decryption will NOT be functional. Generating a TEMPORARY, NON-PERSISTENT key for this session only.
DO NOT use this for any real data you want to keep, as it will be lost.
Temporary MIKO_HAM_KEY for this session: Gsc8_Zyt9jCy9_-Y9UMbi4orrVWHPVPFlTLiQG6WPBM=
Core memory file not found. Initializing an empty store and saving.
HAMMemoryManager initialized. Core memory file: D:\Projects\Unified-AI-Project\data\processed_data\test_ham_core_memory.json. Encryption enabled: True
CRITICAL WARNING: MIKO_HAM_KEY environment variable not set.
Encryption/Decryption will NOT be functional. Generating a TEMPORARY, NON-PERSISTENT key for this session only.
DO NOT use this for any real data you want to keep, as it will be lost.
Temporary MIKO_HAM_KEY for this session: wOddF8mmt-crM8vMWHY10NwgrAP8NSb1YIuBRE5rERI=
Core memory file not found. Initializing an empty store and saving.
HAMMemoryManager initialized. Core memory file: D:\Projects\Unified-AI-Project\data\processed_data\test_ham_res_aware_memory.json. Encryption enabled: True
CRITICAL WARNING: MIKO_HAM_KEY environment variable not set.
Encryption/Decryption will NOT be functional. Generating a TEMPORARY, NON-PERSISTENT key for this session only.
DO NOT use this for any real data you want to keep, as it will be lost.
Temporary MIKO_HAM_KEY for this session: U9h3WXSkSgMwPzqHCfeg0kDyx6aRhf_ZtzxlZfipWfA=
Core memory file not found. Initializing an empty store and saving.
HAMMemoryManager initialized. Core memory file: D:\Projects\Unified-AI-Project\data\processed_data\test_ham_res_aware_memory.json. Encryption enabled: True

Running test_19_disk_full_handling...
HAM: Storing experience of type 'test_type'
HAM: Stored experience mem_000001
FAILED
tests/core_ai/memory/test_ham_memory_manager.py::test_20_delete_old_experiences CRITICAL WARNING: MIKO_HAM_KEY environment variable not set.
Encryption/Decryption will NOT be functional. Generating a TEMPORARY, NON-PERSISTENT key for this session only.
DO NOT use this for any real data you want to keep, as it will be lost.
Temporary MIKO_HAM_KEY for this session: s7rQy4pA7bvDeqLv_95fbYbtpkpGNTcUzrB9cQFPZuc=
Core memory file not found. Initializing an empty store and saving.
HAMMemoryManager initialized. Core memory file: D:\Projects\Unified-AI-Project\data\processed_data\test_ham_core_memory.json. Encryption enabled: True
CRITICAL WARNING: MIKO_HAM_KEY environment variable not set.
Encryption/Decryption will NOT be functional. Generating a TEMPORARY, NON-PERSISTENT key for this session only.
DO NOT use this for any real data you want to keep, as it will be lost.
Temporary MIKO_HAM_KEY for this session: -6NTkUGLVFwM97Fc9T6CHRwV4NI3SYksB4Ym1HkJ-GY=
Core memory file not found. Initializing an empty store and saving.
HAMMemoryManager initialized. Core memory file: D:\Projects\Unified-AI-Project\data\processed_data\test_ham_core_memory.json. Encryption enabled: True
CRITICAL WARNING: MIKO_HAM_KEY environment variable not set.
Encryption/Decryption will NOT be functional. Generating a TEMPORARY, NON-PERSISTENT key for this session only.
DO NOT use this for any real data you want to keep, as it will be lost.
Temporary MIKO_HAM_KEY for this session: p-GjYKZ5A9O-7M9uyNTc7-B_90DzSx4lIcqrFJ0wvcs=
Core memory file not found. Initializing an empty store and saving.
HAMMemoryManager initialized. Core memory file: D:\Projects\Unified-AI-Project\data\processed_data\test_ham_res_aware_memory.json. Encryption enabled: True
CRITICAL WARNING: MIKO_HAM_KEY environment variable not set.
Encryption/Decryption will NOT be functional. Generating a TEMPORARY, NON-PERSISTENT key for this session only.
DO NOT use this for any real data you want to keep, as it will be lost.
Temporary MIKO_HAM_KEY for this session: oYQxTUKcvgQXuXreE8lnZc5i0nwrYHMu5jCRz8T_JU4=
Core memory file not found. Initializing an empty store and saving.
HAMMemoryManager initialized. Core memory file: D:\Projects\Unified-AI-Project\data\processed_data\test_ham_res_aware_memory.json. Encryption enabled: True

Running test_20_delete_old_experiences...
HAM: Storing experience of type 'test_type'
HAM: Stored experience mem_000001
HAM: Storing experience of type 'test_type'
HAM: Stored experience mem_000002
HAM: Storing experience of type 'test_type'
HAM: Stored experience mem_000003
HAM: Storing experience of type 'test_type'
HAM: Stored experience mem_000004
HAM: Storing experience of type 'test_type'
HAM: Stored experience mem_000005
+++++++++++++++++++++++++++++++++++ Timeout +++++++++++++++++++++++++++++++++++
~~~~~~~~~~~~~~~~~~~~~~~~~ Stack of MainThread (12376) ~~~~~~~~~~~~~~~~~~~~~~~~~
  File "<frozen runpy>", line 198, in _run_module_as_main
  File "<frozen runpy>", line 88, in _run_code
  File "C:\Users\catai\AppData\Local\Programs\Python\Python312\Lib\site-packages\pytest\__main__.py", line 9, in <module>
    raise SystemExit(pytest.console_main())
  File "C:\Users\catai\AppData\Local\Programs\Python\Python312\Lib\site-packages\_pytest\config\__init__.py", line 201, in console_main
    code = main()
  File "C:\Users\catai\AppData\Local\Programs\Python\Python312\Lib\site-packages\_pytest\config\__init__.py", line 175, in main
    ret: ExitCode | int = config.hook.pytest_cmdline_main(config=config)
  File "C:\Users\catai\AppData\Local\Programs\Python\Python312\Lib\site-packages\pluggy\_hooks.py", line 512, in __call__
    return self._hookexec(self.name, self._hookimpls.copy(), kwargs, firstresult)
  File "C:\Users\catai\AppData\Local\Programs\Python\Python312\Lib\site-packages\pluggy\_manager.py", line 120, in _hookexec
    return self._inner_hookexec(hook_name, methods, kwargs, firstresult)
  File "C:\Users\catai\AppData\Local\Programs\Python\Python312\Lib\site-packages\pluggy\_callers.py", line 121, in _multicall
    res = hook_impl.function(*args)
  File "C:\Users\catai\AppData\Local\Programs\Python\Python312\Lib\site-packages\_pytest\main.py", line 336, in pytest_cmdline_main
    return wrap_session(config, _main)
  File "C:\Users\catai\AppData\Local\Programs\Python\Python312\Lib\site-packages\_pytest\main.py", line 289, in wrap_session
    session.exitstatus = doit(config, session) or 0
  File "C:\Users\catai\AppData\Local\Programs\Python\Python312\Lib\site-packages\_pytest\main.py", line 343, in _main
    config.hook.pytest_runtestloop(session=session)
  File "C:\Users\catai\AppData\Local\Programs\Python\Python312\Lib\site-packages\pluggy\_hooks.py", line 512, in __call__
    return self._hookexec(self.name, self._hookimpls.copy(), kwargs, firstresult)
  File "C:\Users\catai\AppData\Local\Programs\Python\Python312\Lib\site-packages\pluggy\_manager.py", line 120, in _hookexec
    return self._inner_hookexec(hook_name, methods, kwargs, firstresult)
  File "C:\Users\catai\AppData\Local\Programs\Python\Python312\Lib\site-packages\pluggy\_callers.py", line 121, in _multicall
    res = hook_impl.function(*args)
  File "C:\Users\catai\AppData\Local\Programs\Python\Python312\Lib\site-packages\_pytest\main.py", line 367, in pytest_runtestloop
    item.config.hook.pytest_runtest_protocol(item=item, nextitem=nextitem)
  File "C:\Users\catai\AppData\Local\Programs\Python\Python312\Lib\site-packages\pluggy\_hooks.py", line 512, in __call__
    return self._hookexec(self.name, self._hookimpls.copy(), kwargs, firstresult)
  File "C:\Users\catai\AppData\Local\Programs\Python\Python312\Lib\site-packages\pluggy\_manager.py", line 120, in _hookexec
    return self._inner_hookexec(hook_name, methods, kwargs, firstresult)
  File "C:\Users\catai\AppData\Local\Programs\Python\Python312\Lib\site-packages\pluggy\_callers.py", line 121, in _multicall
    res = hook_impl.function(*args)
  File "C:\Users\catai\AppData\Local\Programs\Python\Python312\Lib\site-packages\_pytest\runner.py", line 117, in pytest_runtest_protocol
    runtestprotocol(item, nextitem=nextitem)
  File "C:\Users\catai\AppData\Local\Programs\Python\Python312\Lib\site-packages\_pytest\runner.py", line 136, in runtestprotocol
    reports.append(call_and_report(item, "call", log))
  File "C:\Users\catai\AppData\Local\Programs\Python\Python312\Lib\site-packages\_pytest\runner.py", line 245, in call_and_report
    call = CallInfo.from_call(
  File "C:\Users\catai\AppData\Local\Programs\Python\Python312\Lib\site-packages\_pytest\runner.py", line 344, in from_call
    result: TResult | None = func()
  File "C:\Users\catai\AppData\Local\Programs\Python\Python312\Lib\site-packages\_pytest\runner.py", line 246, in <lambda>
    lambda: runtest_hook(item=item, **kwds), when=when, reraise=reraise
  File "C:\Users\catai\AppData\Local\Programs\Python\Python312\Lib\site-packages\pluggy\_hooks.py", line 512, in __call__
    return self._hookexec(self.name, self._hookimpls.copy(), kwargs, firstresult)
  File "C:\Users\catai\AppData\Local\Programs\Python\Python312\Lib\site-packages\pluggy\_manager.py", line 120, in _hookexec
    return self._inner_hookexec(hook_name, methods, kwargs, firstresult)
  File "C:\Users\catai\AppData\Local\Programs\Python\Python312\Lib\site-packages\pluggy\_callers.py", line 121, in _multicall
    res = hook_impl.function(*args)
  File "C:\Users\catai\AppData\Local\Programs\Python\Python312\Lib\site-packages\_pytest\runner.py", line 178, in pytest_runtest_call
    item.runtest()
  File "C:\Users\catai\AppData\Local\Programs\Python\Python312\Lib\site-packages\pytest_asyncio\plugin.py", line 508, in runtest
    super().runtest()
  File "C:\Users\catai\AppData\Local\Programs\Python\Python312\Lib\site-packages\_pytest\python.py", line 1671, in runtest
    self.ihook.pytest_pyfunc_call(pyfuncitem=self)
  File "C:\Users\catai\AppData\Local\Programs\Python\Python312\Lib\site-packages\pluggy\_hooks.py", line 512, in __call__
    return self._hookexec(self.name, self._hookimpls.copy(), kwargs, firstresult)
  File "C:\Users\catai\AppData\Local\Programs\Python\Python312\Lib\site-packages\pluggy\_manager.py", line 120, in _hookexec
    return self._inner_hookexec(hook_name, methods, kwargs, firstresult)
  File "C:\Users\catai\AppData\Local\Programs\Python\Python312\Lib\site-packages\pluggy\_callers.py", line 121, in _multicall
    res = hook_impl.function(*args)
  File "C:\Users\catai\AppData\Local\Programs\Python\Python312\Lib\site-packages\_pytest\python.py", line 157, in pytest_pyfunc_call
    result = testfunction(**testargs)
  File "C:\Users\catai\AppData\Local\Programs\Python\Python312\Lib\site-packages\pytest_asyncio\plugin.py", line 773, in inner
    _loop.run_until_complete(task)
  File "C:\Users\catai\AppData\Local\Programs\Python\Python312\Lib\asyncio\base_events.py", line 678, in run_until_complete
    self.run_forever()
  File "C:\Users\catai\AppData\Local\Programs\Python\Python312\Lib\asyncio\windows_events.py", line 322, in run_forever
    super().run_forever()
  File "C:\Users\catai\AppData\Local\Programs\Python\Python312\Lib\asyncio\base_events.py", line 645, in run_forever
    self._run_once()
  File "C:\Users\catai\AppData\Local\Programs\Python\Python312\Lib\asyncio\base_events.py", line 1961, in _run_once
    event_list = self._selector.select(timeout)
  File "C:\Users\catai\AppData\Local\Programs\Python\Python312\Lib\asyncio\windows_events.py", line 445, in select
    self._poll(timeout)
  File "C:\Users\catai\AppData\Local\Programs\Python\Python312\Lib\asyncio\windows_events.py", line 774, in _poll
    status = _overlapped.GetQueuedCompletionStatus(self._iocp, ms)
+++++++++++++++++++++++++++++++++++ Timeout +++++++++++++++++++++++++++++++++++

================================================================================
測試完成，返回代碼: 1
